{"/home/travis/build/npmtest/node-npmtest-lru-cache/test.js":{"path":"/home/travis/build/npmtest/node-npmtest-lru-cache/test.js","s":{"1":2,"2":2,"3":2,"4":2,"5":2,"6":2,"7":2,"8":1,"9":2,"10":2,"11":1,"12":1,"13":1,"14":1,"15":2,"16":2,"17":2,"18":2,"19":1,"20":1,"21":2,"22":2,"23":2,"24":1,"25":1,"26":1,"27":1,"28":1,"29":1,"30":1,"31":1,"32":1,"33":1,"34":1,"35":1,"36":1,"37":1,"38":1,"39":2,"40":2,"41":1,"42":2,"43":2,"44":1,"45":2,"46":2,"47":1,"48":2,"49":2,"50":1,"51":1,"52":1,"53":1,"54":1},"b":{"1":[2,1,1,1],"2":[1,1,1,1],"3":[1,1],"4":[1,1],"5":[1,1],"6":[1,1],"7":[1,1],"8":[1,1],"9":[1,1],"10":[1,1,1],"11":[1,1],"12":[1,1],"13":[1,1],"14":[1,1],"15":[1,1],"16":[1,1],"17":[1,1]},"f":{"1":2,"2":2,"3":2,"4":2,"5":2,"6":1,"7":1,"8":1,"9":2,"10":2,"11":2,"12":2,"13":1},"fnMap":{"1":{"name":"(anonymous_1)","line":12,"loc":{"start":{"line":12,"column":1},"end":{"line":12,"column":13}}},"2":{"name":"(anonymous_2)","line":19,"loc":{"start":{"line":19,"column":5},"end":{"line":19,"column":17}}},"3":{"name":"(anonymous_3)","line":23,"loc":{"start":{"line":23,"column":24},"end":{"line":23,"column":36}}},"4":{"name":"(anonymous_4)","line":61,"loc":{"start":{"line":61,"column":5},"end":{"line":61,"column":17}}},"5":{"name":"(anonymous_5)","line":82,"loc":{"start":{"line":82,"column":5},"end":{"line":82,"column":17}}},"6":{"name":"(anonymous_6)","line":91,"loc":{"start":{"line":91,"column":77},"end":{"line":94,"column":10}}},"7":{"name":"(anonymous_7)","line":112,"loc":{"start":{"line":112,"column":83},"end":{"line":115,"column":10}},"skip":true},"8":{"name":"(anonymous_8)","line":123,"loc":{"start":{"line":123,"column":77},"end":{"line":126,"column":10}},"skip":true},"9":{"name":"(anonymous_9)","line":139,"loc":{"start":{"line":139,"column":12},"end":{"line":139,"column":40}},"skip":true},"10":{"name":"(anonymous_10)","line":147,"loc":{"start":{"line":147,"column":77},"end":{"line":150,"column":10}},"skip":true},"11":{"name":"(anonymous_11)","line":158,"loc":{"start":{"line":158,"column":83},"end":{"line":161,"column":10}},"skip":true},"12":{"name":"(anonymous_12)","line":169,"loc":{"start":{"line":169,"column":79},"end":{"line":172,"column":10}},"skip":true},"13":{"name":"(anonymous_13)","line":180,"loc":{"start":{"line":180,"column":75},"end":{"line":183,"column":10}},"skip":true}},"statementMap":{"1":{"start":{"line":12,"column":0},"end":{"line":195,"column":5}},"2":{"start":{"line":14,"column":4},"end":{"line":14,"column":14}},"3":{"start":{"line":19,"column":4},"end":{"line":56,"column":9}},"4":{"start":{"line":21,"column":8},"end":{"line":21,"column":19}},"5":{"start":{"line":23,"column":8},"end":{"line":35,"column":13}},"6":{"start":{"line":24,"column":12},"end":{"line":34,"column":13}},"7":{"start":{"line":25,"column":16},"end":{"line":28,"column":30}},"8":{"start":{"line":30,"column":16},"end":{"line":33,"column":27}},"9":{"start":{"line":37,"column":8},"end":{"line":39,"column":21}},"10":{"start":{"line":40,"column":8},"end":{"line":53,"column":9}},"11":{"start":{"line":43,"column":12},"end":{"line":46,"column":14}},"12":{"start":{"line":47,"column":12},"end":{"line":47,"column":18}},"13":{"start":{"line":50,"column":12},"end":{"line":51,"column":33}},"14":{"start":{"line":52,"column":12},"end":{"line":52,"column":18}},"15":{"start":{"line":55,"column":8},"end":{"line":55,"column":35}},"16":{"start":{"line":61,"column":4},"end":{"line":63,"column":9}},"17":{"start":{"line":62,"column":8},"end":{"line":62,"column":15}},"18":{"start":{"line":64,"column":4},"end":{"line":77,"column":5}},"19":{"start":{"line":70,"column":8},"end":{"line":70,"column":14}},"20":{"start":{"line":76,"column":8},"end":{"line":76,"column":14}},"21":{"start":{"line":82,"column":4},"end":{"line":84,"column":9}},"22":{"start":{"line":83,"column":8},"end":{"line":83,"column":15}},"23":{"start":{"line":85,"column":4},"end":{"line":194,"column":5}},"24":{"start":{"line":91,"column":8},"end":{"line":99,"column":10}},"25":{"start":{"line":98,"column":12},"end":{"line":98,"column":35}},"26":{"start":{"line":102,"column":8},"end":{"line":104,"column":63}},"27":{"start":{"line":105,"column":8},"end":{"line":105,"column":14}},"28":{"start":{"line":112,"column":8},"end":{"line":121,"column":10},"skip":true},"29":{"start":{"line":119,"column":12},"end":{"line":119,"column":55},"skip":true},"30":{"start":{"line":120,"column":12},"end":{"line":120,"column":48},"skip":true},"31":{"start":{"line":123,"column":8},"end":{"line":136,"column":10},"skip":true},"32":{"start":{"line":130,"column":12},"end":{"line":130,"column":76},"skip":true},"33":{"start":{"line":131,"column":12},"end":{"line":131,"column":73},"skip":true},"34":{"start":{"line":132,"column":12},"end":{"line":132,"column":74},"skip":true},"35":{"start":{"line":133,"column":12},"end":{"line":133,"column":79},"skip":true},"36":{"start":{"line":134,"column":12},"end":{"line":134,"column":25},"skip":true},"37":{"start":{"line":135,"column":12},"end":{"line":135,"column":45},"skip":true},"38":{"start":{"line":138,"column":8},"end":{"line":145,"column":14},"skip":true},"39":{"start":{"line":143,"column":16},"end":{"line":143,"column":29},"skip":true},"40":{"start":{"line":144,"column":16},"end":{"line":144,"column":55},"skip":true},"41":{"start":{"line":147,"column":8},"end":{"line":156,"column":10},"skip":true},"42":{"start":{"line":154,"column":12},"end":{"line":154,"column":25},"skip":true},"43":{"start":{"line":155,"column":12},"end":{"line":155,"column":45},"skip":true},"44":{"start":{"line":158,"column":8},"end":{"line":167,"column":10},"skip":true},"45":{"start":{"line":165,"column":12},"end":{"line":165,"column":25},"skip":true},"46":{"start":{"line":166,"column":12},"end":{"line":166,"column":48},"skip":true},"47":{"start":{"line":169,"column":8},"end":{"line":178,"column":10},"skip":true},"48":{"start":{"line":176,"column":12},"end":{"line":176,"column":25},"skip":true},"49":{"start":{"line":177,"column":12},"end":{"line":177,"column":46},"skip":true},"50":{"start":{"line":180,"column":8},"end":{"line":189,"column":10},"skip":true},"51":{"start":{"line":187,"column":12},"end":{"line":187,"column":94},"skip":true},"52":{"start":{"line":188,"column":12},"end":{"line":188,"column":48},"skip":true},"53":{"start":{"line":192,"column":8},"end":{"line":192,"column":35},"skip":true},"54":{"start":{"line":193,"column":8},"end":{"line":193,"column":14},"skip":true}},"branchMap":{"1":{"line":25,"type":"binary-expr","locations":[{"start":{"line":25,"column":23},"end":{"line":25,"column":62}},{"start":{"line":26,"column":20},"end":{"line":26,"column":70}},{"start":{"line":27,"column":20},"end":{"line":27,"column":71}},{"start":{"line":28,"column":20},"end":{"line":28,"column":29}}]},"2":{"line":30,"type":"binary-expr","locations":[{"start":{"line":30,"column":23},"end":{"line":30,"column":37}},{"start":{"line":31,"column":20},"end":{"line":31,"column":61}},{"start":{"line":32,"column":20},"end":{"line":32,"column":70}},{"start":{"line":33,"column":20},"end":{"line":33,"column":26}}]},"3":{"line":37,"type":"cond-expr","locations":[{"start":{"line":38,"column":14},"end":{"line":38,"column":20}},{"start":{"line":39,"column":14},"end":{"line":39,"column":20}}]},"4":{"line":40,"type":"switch","locations":[{"start":{"line":42,"column":8},"end":{"line":47,"column":18}},{"start":{"line":49,"column":8},"end":{"line":52,"column":18}}]},"5":{"line":44,"type":"binary-expr","locations":[{"start":{"line":44,"column":16},"end":{"line":44,"column":44}},{"start":{"line":44,"column":48},"end":{"line":44,"column":66}}]},"6":{"line":50,"type":"binary-expr","locations":[{"start":{"line":50,"column":21},"end":{"line":50,"column":49}},{"start":{"line":50,"column":53},"end":{"line":50,"column":72}}]},"7":{"line":64,"type":"switch","locations":[{"start":{"line":69,"column":4},"end":{"line":70,"column":14}},{"start":{"line":75,"column":4},"end":{"line":76,"column":14}}]},"8":{"line":85,"type":"switch","locations":[{"start":{"line":90,"column":4},"end":{"line":105,"column":14}},{"start":{"line":111,"column":4},"end":{"line":193,"column":14},"skip":true}]},"9":{"line":91,"type":"binary-expr","locations":[{"start":{"line":91,"column":42},"end":{"line":91,"column":73}},{"start":{"line":91,"column":77},"end":{"line":99,"column":9}}]},"10":{"line":102,"type":"binary-expr","locations":[{"start":{"line":102,"column":18},"end":{"line":102,"column":32}},{"start":{"line":103,"column":12},"end":{"line":103,"column":53}},{"start":{"line":104,"column":12},"end":{"line":104,"column":61}}]},"11":{"line":112,"type":"binary-expr","locations":[{"start":{"line":112,"column":45},"end":{"line":112,"column":79},"skip":true},{"start":{"line":112,"column":83},"end":{"line":121,"column":9},"skip":true}]},"12":{"line":123,"type":"binary-expr","locations":[{"start":{"line":123,"column":42},"end":{"line":123,"column":73},"skip":true},{"start":{"line":123,"column":77},"end":{"line":136,"column":9},"skip":true}]},"13":{"line":138,"type":"binary-expr","locations":[{"start":{"line":138,"column":48},"end":{"line":138,"column":85},"skip":true},{"start":{"line":139,"column":12},"end":{"line":145,"column":13},"skip":true}]},"14":{"line":147,"type":"binary-expr","locations":[{"start":{"line":147,"column":42},"end":{"line":147,"column":73},"skip":true},{"start":{"line":147,"column":77},"end":{"line":156,"column":9},"skip":true}]},"15":{"line":158,"type":"binary-expr","locations":[{"start":{"line":158,"column":45},"end":{"line":158,"column":79},"skip":true},{"start":{"line":158,"column":83},"end":{"line":167,"column":9},"skip":true}]},"16":{"line":169,"type":"binary-expr","locations":[{"start":{"line":169,"column":43},"end":{"line":169,"column":75},"skip":true},{"start":{"line":169,"column":79},"end":{"line":178,"column":9},"skip":true}]},"17":{"line":180,"type":"binary-expr","locations":[{"start":{"line":180,"column":41},"end":{"line":180,"column":71},"skip":true},{"start":{"line":180,"column":75},"end":{"line":189,"column":9},"skip":true}]}},"code":["/* istanbul instrument in package npmtest_lru_cache */","/*jslint","    bitwise: true,","    browser: true,","    maxerr: 8,","    maxlen: 96,","    node: true,","    nomen: true,","    regexp: true,","    stupid: true","*/","(function () {","    'use strict';","    var local;","","","","    // run shared js-env code - init-before","    (function () {","        // init local","        local = {};","        // init modeJs","        local.modeJs = (function () {","            try {","                return typeof navigator.userAgent === 'string' &&","                    typeof document.querySelector('body') === 'object' &&","                    typeof XMLHttpRequest.prototype.open === 'function' &&","                    'browser';","            } catch (errorCaughtBrowser) {","                return module.exports &&","                    typeof process.versions.node === 'string' &&","                    typeof require('http').createServer === 'function' &&","                    'node';","            }","        }());","        // init global","        local.global = local.modeJs === 'browser'","            ? window","            : global;","        switch (local.modeJs) {","        // re-init local from window.local","        case 'browser':","            local = local.global.utility2.objectSetDefault(","                local.global.utility2_rollup || local.global.local,","                local.global.utility2","            );","            break;","        // re-init local from example.js","        case 'node':","            local = (local.global.utility2_rollup || require('utility2'))","                .requireReadme();","            break;","        }","        // export local","        local.global.local = local;","    }());","","","","    // run shared js-env code - function","    (function () {","        return;","    }());","    switch (local.modeJs) {","","","","    // run browser js-env code - function","    case 'browser':","        break;","","","","    // run node js-env code - function","    case 'node':","        break;","    }","","","","    // run shared js-env code - init-after","    (function () {","        return;","    }());","    switch (local.modeJs) {","","","","    // run browser js-env code - init-after","    case 'browser':","        local.testCase_browser_nullCase = local.testCase_browser_nullCase || function (","            options,","            onError","        ) {","        /*","         * this function will test browsers's null-case handling-behavior-behavior","         */","            onError(null, options);","        };","","        // run tests","        local.nop(local.modeTest &&","            document.querySelector('#testRunButton1') &&","            document.querySelector('#testRunButton1').click());","        break;","","","","    // run node js-env code - init-after","    /* istanbul ignore next */","    case 'node':","        local.testCase_buildApidoc_default = local.testCase_buildApidoc_default || function (","            options,","            onError","        ) {","        /*","         * this function will test buildApidoc's default handling-behavior-behavior","         */","            options = { modulePathList: module.paths };","            local.buildApidoc(options, onError);","        };","","        local.testCase_buildApp_default = local.testCase_buildApp_default || function (","            options,","            onError","        ) {","        /*","         * this function will test buildApp's default handling-behavior-behavior","         */","            local.testCase_buildReadme_default(options, local.onErrorThrow);","            local.testCase_buildLib_default(options, local.onErrorThrow);","            local.testCase_buildTest_default(options, local.onErrorThrow);","            local.testCase_buildCustomOrg_default(options, local.onErrorThrow);","            options = [];","            local.buildApp(options, onError);","        };","","        local.testCase_buildCustomOrg_default = local.testCase_buildCustomOrg_default ||","            function (options, onError) {","            /*","             * this function will test buildCustomOrg's default handling-behavior","             */","                options = {};","                local.buildCustomOrg(options, onError);","            };","","        local.testCase_buildLib_default = local.testCase_buildLib_default || function (","            options,","            onError","        ) {","        /*","         * this function will test buildLib's default handling-behavior","         */","            options = {};","            local.buildLib(options, onError);","        };","","        local.testCase_buildReadme_default = local.testCase_buildReadme_default || function (","            options,","            onError","        ) {","        /*","         * this function will test buildReadme's default handling-behavior-behavior","         */","            options = {};","            local.buildReadme(options, onError);","        };","","        local.testCase_buildTest_default = local.testCase_buildTest_default || function (","            options,","            onError","        ) {","        /*","         * this function will test buildTest's default handling-behavior","         */","            options = {};","            local.buildTest(options, onError);","        };","","        local.testCase_webpage_default = local.testCase_webpage_default || function (","            options,","            onError","        ) {","        /*","         * this function will test webpage's default handling-behavior","         */","            options = { modeCoverageMerge: true, url: local.serverLocalHost + '?modeTest=1' };","            local.browserTest(options, onError);","        };","","        // run test-server","        local.testRunServer(local);","        break;","    }","}());",""],"l":{"12":2,"14":2,"19":2,"21":2,"23":2,"24":2,"25":2,"30":1,"37":2,"40":2,"43":1,"47":1,"50":1,"52":1,"55":2,"61":2,"62":2,"64":2,"70":1,"76":1,"82":2,"83":2,"85":2,"91":1,"98":1,"102":1,"105":1,"112":1,"119":1,"120":1,"123":1,"130":1,"131":1,"132":1,"133":1,"134":1,"135":1,"138":1,"143":2,"144":2,"147":1,"154":2,"155":2,"158":1,"165":2,"166":2,"169":1,"176":2,"177":2,"180":1,"187":1,"188":1,"192":1,"193":1}},"/home/travis/build/npmtest/node-npmtest-lru-cache/lib.npmtest_lru_cache.js":{"path":"/home/travis/build/npmtest/node-npmtest-lru-cache/lib.npmtest_lru_cache.js","s":{"1":2,"2":2,"3":2,"4":2,"5":2,"6":2,"7":2,"8":1,"9":2,"10":2,"11":2,"12":2,"13":1,"14":1,"15":1,"16":1},"b":{"1":[2,1,1,1],"2":[1,1,1,1],"3":[1,1],"4":[2,2],"5":[1,1]},"f":{"1":2,"2":2,"3":2},"fnMap":{"1":{"name":"(anonymous_1)","line":12,"loc":{"start":{"line":12,"column":1},"end":{"line":12,"column":13}}},"2":{"name":"(anonymous_2)","line":19,"loc":{"start":{"line":19,"column":5},"end":{"line":19,"column":17}}},"3":{"name":"(anonymous_3)","line":23,"loc":{"start":{"line":23,"column":24},"end":{"line":23,"column":36}}}},"statementMap":{"1":{"start":{"line":12,"column":0},"end":{"line":53,"column":5}},"2":{"start":{"line":14,"column":4},"end":{"line":14,"column":14}},"3":{"start":{"line":19,"column":4},"end":{"line":52,"column":9}},"4":{"start":{"line":21,"column":8},"end":{"line":21,"column":19}},"5":{"start":{"line":23,"column":8},"end":{"line":35,"column":13}},"6":{"start":{"line":24,"column":12},"end":{"line":34,"column":13}},"7":{"start":{"line":25,"column":16},"end":{"line":28,"column":30}},"8":{"start":{"line":30,"column":16},"end":{"line":33,"column":27}},"9":{"start":{"line":37,"column":8},"end":{"line":39,"column":21}},"10":{"start":{"line":41,"column":8},"end":{"line":41,"column":54}},"11":{"start":{"line":43,"column":8},"end":{"line":43,"column":54}},"12":{"start":{"line":45,"column":8},"end":{"line":51,"column":9}},"13":{"start":{"line":46,"column":12},"end":{"line":46,"column":60}},"14":{"start":{"line":48,"column":12},"end":{"line":48,"column":35}},"15":{"start":{"line":49,"column":12},"end":{"line":49,"column":49}},"16":{"start":{"line":50,"column":12},"end":{"line":50,"column":43}}},"branchMap":{"1":{"line":25,"type":"binary-expr","locations":[{"start":{"line":25,"column":23},"end":{"line":25,"column":62}},{"start":{"line":26,"column":20},"end":{"line":26,"column":70}},{"start":{"line":27,"column":20},"end":{"line":27,"column":71}},{"start":{"line":28,"column":20},"end":{"line":28,"column":29}}]},"2":{"line":30,"type":"binary-expr","locations":[{"start":{"line":30,"column":23},"end":{"line":30,"column":37}},{"start":{"line":31,"column":20},"end":{"line":31,"column":61}},{"start":{"line":32,"column":20},"end":{"line":32,"column":70}},{"start":{"line":33,"column":20},"end":{"line":33,"column":26}}]},"3":{"line":37,"type":"cond-expr","locations":[{"start":{"line":38,"column":14},"end":{"line":38,"column":20}},{"start":{"line":39,"column":14},"end":{"line":39,"column":20}}]},"4":{"line":41,"type":"binary-expr","locations":[{"start":{"line":41,"column":16},"end":{"line":41,"column":44}},{"start":{"line":41,"column":48},"end":{"line":41,"column":53}}]},"5":{"line":45,"type":"if","locations":[{"start":{"line":45,"column":8},"end":{"line":45,"column":8}},{"start":{"line":45,"column":8},"end":{"line":45,"column":8}}]}},"code":["/* istanbul instrument in package npmtest_lru_cache */","/*jslint","    bitwise: true,","    browser: true,","    maxerr: 8,","    maxlen: 96,","    node: true,","    nomen: true,","    regexp: true,","    stupid: true","*/","(function () {","    'use strict';","    var local;","","","","    // run shared js-env code - init-before","    (function () {","        // init local","        local = {};","        // init modeJs","        local.modeJs = (function () {","            try {","                return typeof navigator.userAgent === 'string' &&","                    typeof document.querySelector('body') === 'object' &&","                    typeof XMLHttpRequest.prototype.open === 'function' &&","                    'browser';","            } catch (errorCaughtBrowser) {","                return module.exports &&","                    typeof process.versions.node === 'string' &&","                    typeof require('http').createServer === 'function' &&","                    'node';","            }","        }());","        // init global","        local.global = local.modeJs === 'browser'","            ? window","            : global;","        // init utility2_rollup","        local = local.global.utility2_rollup || local;","        // init lib","        local.local = local.npmtest_lru_cache = local;","        // init exports","        if (local.modeJs === 'browser') {","            local.global.utility2_npmtest_lru_cache = local;","        } else {","            module.exports = local;","            module.exports.__dirname = __dirname;","            module.exports.module = module;","        }","    }());","}());",""],"l":{"12":2,"14":2,"19":2,"21":2,"23":2,"24":2,"25":2,"30":1,"37":2,"41":2,"43":2,"45":2,"46":1,"48":1,"49":1,"50":1}},"/home/travis/build/npmtest/node-npmtest-lru-cache/example.js":{"path":"/home/travis/build/npmtest/node-npmtest-lru-cache/example.js","s":{"1":2,"2":2,"3":2,"4":2,"5":2,"6":2,"7":2,"8":1,"9":2,"10":2,"11":2,"12":2,"13":1,"14":2,"15":2,"16":2,"17":2,"18":2,"19":0,"20":2,"21":1,"22":1,"23":1,"24":1,"25":1,"26":0,"27":0,"28":1,"29":1,"30":2,"31":0,"32":0,"33":0,"34":1,"35":2,"36":2,"37":3,"38":3,"39":3,"40":3,"41":0,"42":3,"43":3,"44":3,"45":1,"46":3,"47":1,"48":1,"49":1,"50":1,"51":1,"52":1,"53":1,"54":1,"55":1,"56":1,"57":0,"58":1,"59":6,"60":6,"61":1,"62":2,"63":0,"64":2,"65":1,"66":1,"67":0,"68":0,"69":0,"70":0,"71":0,"72":0,"73":0,"74":0,"75":0,"76":0,"77":0,"78":0,"79":0,"80":0,"81":0,"82":0,"83":0},"b":{"1":[2,1,1,1],"2":[1,1,1,1],"3":[1,1],"4":[2,2],"5":[1,1],"6":[1,1],"7":[2,0],"8":[2,1,1,1,1,1],"9":[0,2,0],"10":[1,1],"11":[2,1,1],"12":[1,0],"13":[0,2],"14":[2,0,0,0,0,0,0],"15":[0,3],"16":[3,0],"17":[1,1],"18":[0,1],"19":[1,2,0,2],"20":[1,0],"21":[1,1],"22":[0,0],"23":[0,0],"24":[0,0],"25":[0,0],"26":[0,0],"27":[0,0],"28":[0,0]},"f":{"1":2,"2":2,"3":2,"4":2,"5":2,"6":2,"7":3,"8":3,"9":3,"10":1,"11":6,"12":0},"fnMap":{"1":{"name":"(anonymous_1)","line":26,"loc":{"start":{"line":26,"column":1},"end":{"line":26,"column":13}}},"2":{"name":"(anonymous_2)","line":33,"loc":{"start":{"line":33,"column":5},"end":{"line":33,"column":17}}},"3":{"name":"(anonymous_3)","line":37,"loc":{"start":{"line":37,"column":24},"end":{"line":37,"column":36}}},"4":{"name":"(anonymous_4)","line":69,"loc":{"start":{"line":69,"column":31},"end":{"line":69,"column":48}},"skip":true},"5":{"name":"(anonymous_5)","line":78,"loc":{"start":{"line":78,"column":26},"end":{"line":78,"column":45}},"skip":true},"6":{"name":"(anonymous_6)","line":123,"loc":{"start":{"line":123,"column":33},"end":{"line":123,"column":48}},"skip":true},"7":{"name":"(anonymous_7)","line":125,"loc":{"start":{"line":125,"column":27},"end":{"line":125,"column":39}},"skip":true},"8":{"name":"(anonymous_8)","line":133,"loc":{"start":{"line":133,"column":59},"end":{"line":133,"column":74}},"skip":true},"9":{"name":"(anonymous_9)","line":143,"loc":{"start":{"line":143,"column":45},"end":{"line":143,"column":62}},"skip":true},"10":{"name":"(anonymous_10)","line":144,"loc":{"start":{"line":144,"column":73},"end":{"line":144,"column":92}},"skip":true},"11":{"name":"(anonymous_11)","line":272,"loc":{"start":{"line":272,"column":51},"end":{"line":272,"column":77}},"skip":true},"12":{"name":"(anonymous_12)","line":315,"loc":{"start":{"line":315,"column":32},"end":{"line":315,"column":61}},"skip":true}},"statementMap":{"1":{"start":{"line":26,"column":0},"end":{"line":326,"column":5}},"2":{"start":{"line":28,"column":4},"end":{"line":28,"column":14}},"3":{"start":{"line":33,"column":4},"end":{"line":60,"column":9}},"4":{"start":{"line":35,"column":8},"end":{"line":35,"column":19}},"5":{"start":{"line":37,"column":8},"end":{"line":49,"column":13}},"6":{"start":{"line":38,"column":12},"end":{"line":48,"column":13}},"7":{"start":{"line":39,"column":16},"end":{"line":42,"column":30}},"8":{"start":{"line":44,"column":16},"end":{"line":47,"column":27}},"9":{"start":{"line":51,"column":8},"end":{"line":53,"column":21}},"10":{"start":{"line":55,"column":8},"end":{"line":57,"column":45}},"11":{"start":{"line":59,"column":8},"end":{"line":59,"column":35}},"12":{"start":{"line":61,"column":4},"end":{"line":325,"column":5}},"13":{"start":{"line":69,"column":8},"end":{"line":121,"column":10},"skip":true},"14":{"start":{"line":70,"column":12},"end":{"line":88,"column":13},"skip":true},"15":{"start":{"line":76,"column":16},"end":{"line":87,"column":19},"skip":true},"16":{"start":{"line":79,"column":20},"end":{"line":86,"column":21},"skip":true},"17":{"start":{"line":82,"column":24},"end":{"line":82,"column":43},"skip":true},"18":{"start":{"line":83,"column":24},"end":{"line":83,"column":30},"skip":true},"19":{"start":{"line":85,"column":24},"end":{"line":85,"column":49},"skip":true},"20":{"start":{"line":89,"column":12},"end":{"line":107,"column":13},"skip":true},"21":{"start":{"line":92,"column":16},"end":{"line":102,"column":17},"skip":true},"22":{"start":{"line":93,"column":20},"end":{"line":93,"column":86},"skip":true},"23":{"start":{"line":94,"column":20},"end":{"line":95,"column":45},"skip":true},"24":{"start":{"line":96,"column":20},"end":{"line":96,"column":42},"skip":true},"25":{"start":{"line":97,"column":20},"end":{"line":97,"column":48},"skip":true},"26":{"start":{"line":100,"column":20},"end":{"line":100,"column":85},"skip":true},"27":{"start":{"line":101,"column":20},"end":{"line":101,"column":96},"skip":true},"28":{"start":{"line":103,"column":16},"end":{"line":103,"column":22},"skip":true},"29":{"start":{"line":106,"column":16},"end":{"line":106,"column":22},"skip":true},"30":{"start":{"line":108,"column":12},"end":{"line":120,"column":13},"skip":true},"31":{"start":{"line":114,"column":16},"end":{"line":119,"column":17},"skip":true},"32":{"start":{"line":116,"column":20},"end":{"line":116,"column":78},"skip":true},"33":{"start":{"line":118,"column":20},"end":{"line":118,"column":47},"skip":true},"34":{"start":{"line":123,"column":8},"end":{"line":141,"column":11},"skip":true},"35":{"start":{"line":124,"column":12},"end":{"line":124,"column":54},"skip":true},"36":{"start":{"line":125,"column":12},"end":{"line":140,"column":14},"skip":true},"37":{"start":{"line":126,"column":16},"end":{"line":126,"column":28},"skip":true},"38":{"start":{"line":127,"column":16},"end":{"line":127,"column":69},"skip":true},"39":{"start":{"line":128,"column":16},"end":{"line":128,"column":75},"skip":true},"40":{"start":{"line":129,"column":16},"end":{"line":131,"column":17},"skip":true},"41":{"start":{"line":130,"column":20},"end":{"line":130,"column":27},"skip":true},"42":{"start":{"line":133,"column":16},"end":{"line":137,"column":36},"skip":true},"43":{"start":{"line":134,"column":20},"end":{"line":136,"column":55},"skip":true},"44":{"start":{"line":139,"column":16},"end":{"line":139,"column":57},"skip":true},"45":{"start":{"line":143,"column":8},"end":{"line":147,"column":11},"skip":true},"46":{"start":{"line":144,"column":12},"end":{"line":146,"column":15},"skip":true},"47":{"start":{"line":145,"column":16},"end":{"line":145,"column":70},"skip":true},"48":{"start":{"line":149,"column":8},"end":{"line":149,"column":31},"skip":true},"49":{"start":{"line":150,"column":8},"end":{"line":150,"column":14},"skip":true},"50":{"start":{"line":158,"column":8},"end":{"line":158,"column":31},"skip":true},"51":{"start":{"line":160,"column":8},"end":{"line":160,"column":33},"skip":true},"52":{"start":{"line":161,"column":8},"end":{"line":161,"column":37},"skip":true},"53":{"start":{"line":162,"column":8},"end":{"line":162,"column":35},"skip":true},"54":{"start":{"line":164,"column":8},"end":{"line":164,"column":50},"skip":true},"55":{"start":{"line":166,"column":8},"end":{"line":256,"column":2},"skip":true},"56":{"start":{"line":258,"column":8},"end":{"line":286,"column":9},"skip":true},"57":{"start":{"line":259,"column":12},"end":{"line":269,"column":14},"skip":true},"58":{"start":{"line":271,"column":12},"end":{"line":285,"column":19},"skip":true},"59":{"start":{"line":274,"column":20},"end":{"line":274,"column":35},"skip":true},"60":{"start":{"line":275,"column":20},"end":{"line":284,"column":21},"skip":true},"61":{"start":{"line":277,"column":24},"end":{"line":277,"column":64},"skip":true},"62":{"start":{"line":279,"column":24},"end":{"line":279,"column":40},"skip":true},"63":{"start":{"line":281,"column":24},"end":{"line":281,"column":40},"skip":true},"64":{"start":{"line":283,"column":24},"end":{"line":283,"column":39},"skip":true},"65":{"start":{"line":288,"column":8},"end":{"line":290,"column":9},"skip":true},"66":{"start":{"line":289,"column":12},"end":{"line":289,"column":18},"skip":true},"67":{"start":{"line":291,"column":8},"end":{"line":293,"column":54},"skip":true},"68":{"start":{"line":296,"column":8},"end":{"line":301,"column":37},"skip":true},"69":{"start":{"line":303,"column":8},"end":{"line":303,"column":82},"skip":true},"70":{"start":{"line":306,"column":8},"end":{"line":308,"column":9},"skip":true},"71":{"start":{"line":307,"column":12},"end":{"line":307,"column":82},"skip":true},"72":{"start":{"line":310,"column":8},"end":{"line":312,"column":9},"skip":true},"73":{"start":{"line":311,"column":12},"end":{"line":311,"column":18},"skip":true},"74":{"start":{"line":313,"column":8},"end":{"line":313,"column":54},"skip":true},"75":{"start":{"line":314,"column":8},"end":{"line":314,"column":69},"skip":true},"76":{"start":{"line":315,"column":8},"end":{"line":323,"column":36},"skip":true},"77":{"start":{"line":316,"column":12},"end":{"line":316,"column":61},"skip":true},"78":{"start":{"line":317,"column":12},"end":{"line":320,"column":13},"skip":true},"79":{"start":{"line":318,"column":16},"end":{"line":318,"column":75},"skip":true},"80":{"start":{"line":319,"column":16},"end":{"line":319,"column":23},"skip":true},"81":{"start":{"line":321,"column":12},"end":{"line":321,"column":38},"skip":true},"82":{"start":{"line":322,"column":12},"end":{"line":322,"column":27},"skip":true},"83":{"start":{"line":324,"column":8},"end":{"line":324,"column":14},"skip":true}},"branchMap":{"1":{"line":39,"type":"binary-expr","locations":[{"start":{"line":39,"column":23},"end":{"line":39,"column":62}},{"start":{"line":40,"column":20},"end":{"line":40,"column":70}},{"start":{"line":41,"column":20},"end":{"line":41,"column":71}},{"start":{"line":42,"column":20},"end":{"line":42,"column":29}}]},"2":{"line":44,"type":"binary-expr","locations":[{"start":{"line":44,"column":23},"end":{"line":44,"column":37}},{"start":{"line":45,"column":20},"end":{"line":45,"column":61}},{"start":{"line":46,"column":20},"end":{"line":46,"column":70}},{"start":{"line":47,"column":20},"end":{"line":47,"column":26}}]},"3":{"line":51,"type":"cond-expr","locations":[{"start":{"line":52,"column":14},"end":{"line":52,"column":20}},{"start":{"line":53,"column":14},"end":{"line":53,"column":20}}]},"4":{"line":55,"type":"binary-expr","locations":[{"start":{"line":55,"column":16},"end":{"line":55,"column":44}},{"start":{"line":55,"column":49},"end":{"line":57,"column":43}}]},"5":{"line":55,"type":"cond-expr","locations":[{"start":{"line":56,"column":14},"end":{"line":56,"column":53}},{"start":{"line":57,"column":14},"end":{"line":57,"column":43}}]},"6":{"line":61,"type":"switch","locations":[{"start":{"line":68,"column":4},"end":{"line":150,"column":14},"skip":true},{"start":{"line":156,"column":4},"end":{"line":324,"column":14},"skip":true}]},"7":{"line":70,"type":"if","locations":[{"start":{"line":70,"column":12},"end":{"line":70,"column":12},"skip":true},{"start":{"line":70,"column":12},"end":{"line":70,"column":12},"skip":true}]},"8":{"line":70,"type":"binary-expr","locations":[{"start":{"line":70,"column":16},"end":{"line":70,"column":22},"skip":true},{"start":{"line":70,"column":27},"end":{"line":70,"column":32},"skip":true},{"start":{"line":71,"column":20},"end":{"line":71,"column":39},"skip":true},{"start":{"line":72,"column":20},"end":{"line":72,"column":49},"skip":true},{"start":{"line":73,"column":20},"end":{"line":73,"column":58},"skip":true},{"start":{"line":74,"column":20},"end":{"line":74,"column":69},"skip":true}]},"9":{"line":79,"type":"switch","locations":[{"start":{"line":80,"column":20},"end":{"line":80,"column":33},"skip":true},{"start":{"line":81,"column":20},"end":{"line":83,"column":30},"skip":true},{"start":{"line":84,"column":20},"end":{"line":85,"column":49},"skip":true}]},"10":{"line":89,"type":"switch","locations":[{"start":{"line":90,"column":12},"end":{"line":103,"column":22},"skip":true},{"start":{"line":105,"column":12},"end":{"line":106,"column":22},"skip":true}]},"11":{"line":89,"type":"binary-expr","locations":[{"start":{"line":89,"column":20},"end":{"line":89,"column":25},"skip":true},{"start":{"line":89,"column":29},"end":{"line":89,"column":48},"skip":true},{"start":{"line":89,"column":52},"end":{"line":89,"column":74},"skip":true}]},"12":{"line":92,"type":"if","locations":[{"start":{"line":92,"column":16},"end":{"line":92,"column":16},"skip":true},{"start":{"line":92,"column":16},"end":{"line":92,"column":16},"skip":true}]},"13":{"line":108,"type":"if","locations":[{"start":{"line":108,"column":12},"end":{"line":108,"column":12},"skip":true},{"start":{"line":108,"column":12},"end":{"line":108,"column":12},"skip":true}]},"14":{"line":108,"type":"binary-expr","locations":[{"start":{"line":108,"column":16},"end":{"line":108,"column":61},"skip":true},{"start":{"line":108,"column":66},"end":{"line":108,"column":72},"skip":true},{"start":{"line":108,"column":77},"end":{"line":108,"column":82},"skip":true},{"start":{"line":109,"column":20},"end":{"line":109,"column":39},"skip":true},{"start":{"line":110,"column":20},"end":{"line":110,"column":49},"skip":true},{"start":{"line":111,"column":20},"end":{"line":111,"column":58},"skip":true},{"start":{"line":112,"column":20},"end":{"line":112,"column":68},"skip":true}]},"15":{"line":129,"type":"if","locations":[{"start":{"line":129,"column":16},"end":{"line":129,"column":16},"skip":true},{"start":{"line":129,"column":16},"end":{"line":129,"column":16},"skip":true}]},"16":{"line":134,"type":"cond-expr","locations":[{"start":{"line":135,"column":26},"end":{"line":135,"column":29},"skip":true},{"start":{"line":136,"column":26},"end":{"line":136,"column":54},"skip":true}]},"17":{"line":164,"type":"binary-expr","locations":[{"start":{"line":164,"column":27},"end":{"line":164,"column":43},"skip":true},{"start":{"line":164,"column":47},"end":{"line":164,"column":49},"skip":true}]},"18":{"line":258,"type":"if","locations":[{"start":{"line":258,"column":8},"end":{"line":258,"column":8},"skip":true},{"start":{"line":258,"column":8},"end":{"line":258,"column":8},"skip":true}]},"19":{"line":275,"type":"switch","locations":[{"start":{"line":276,"column":20},"end":{"line":277,"column":64},"skip":true},{"start":{"line":278,"column":20},"end":{"line":279,"column":40},"skip":true},{"start":{"line":280,"column":20},"end":{"line":281,"column":40},"skip":true},{"start":{"line":282,"column":20},"end":{"line":283,"column":39},"skip":true}]},"20":{"line":288,"type":"if","locations":[{"start":{"line":288,"column":8},"end":{"line":288,"column":8},"skip":true},{"start":{"line":288,"column":8},"end":{"line":288,"column":8},"skip":true}]},"21":{"line":288,"type":"binary-expr","locations":[{"start":{"line":288,"column":12},"end":{"line":288,"column":40},"skip":true},{"start":{"line":288,"column":44},"end":{"line":288,"column":67},"skip":true}]},"22":{"line":292,"type":"binary-expr","locations":[{"start":{"line":292,"column":12},"end":{"line":292,"column":50},"skip":true},{"start":{"line":293,"column":12},"end":{"line":293,"column":53},"skip":true}]},"23":{"line":297,"type":"binary-expr","locations":[{"start":{"line":297,"column":12},"end":{"line":297,"column":67},"skip":true},{"start":{"line":298,"column":12},"end":{"line":301,"column":36},"skip":true}]},"24":{"line":303,"type":"binary-expr","locations":[{"start":{"line":303,"column":43},"end":{"line":303,"column":75},"skip":true},{"start":{"line":303,"column":79},"end":{"line":303,"column":81},"skip":true}]},"25":{"line":306,"type":"if","locations":[{"start":{"line":306,"column":8},"end":{"line":306,"column":8},"skip":true},{"start":{"line":306,"column":8},"end":{"line":306,"column":8},"skip":true}]},"26":{"line":310,"type":"if","locations":[{"start":{"line":310,"column":8},"end":{"line":310,"column":8},"skip":true},{"start":{"line":310,"column":8},"end":{"line":310,"column":8},"skip":true}]},"27":{"line":313,"type":"binary-expr","locations":[{"start":{"line":313,"column":27},"end":{"line":313,"column":43},"skip":true},{"start":{"line":313,"column":47},"end":{"line":313,"column":53},"skip":true}]},"28":{"line":317,"type":"if","locations":[{"start":{"line":317,"column":12},"end":{"line":317,"column":12},"skip":true},{"start":{"line":317,"column":12},"end":{"line":317,"column":12},"skip":true}]}},"code":["/*","example.js","","quickstart example","","instruction","    1. save this script as example.js","    2. run the shell command:","        $ npm install npmtest-lru-cache && PORT=8081 node example.js","    3. play with the browser-demo on http://127.0.0.1:8081","*/","","","","/* istanbul instrument in package npmtest_lru_cache */","/*jslint","    bitwise: true,","    browser: true,","    maxerr: 8,","    maxlen: 96,","    node: true,","    nomen: true,","    regexp: true,","    stupid: true","*/","(function () {","    'use strict';","    var local;","","","","    // run shared js-env code - init-before","    (function () {","        // init local","        local = {};","        // init modeJs","        local.modeJs = (function () {","            try {","                return typeof navigator.userAgent === 'string' &&","                    typeof document.querySelector('body') === 'object' &&","                    typeof XMLHttpRequest.prototype.open === 'function' &&","                    'browser';","            } catch (errorCaughtBrowser) {","                return module.exports &&","                    typeof process.versions.node === 'string' &&","                    typeof require('http').createServer === 'function' &&","                    'node';","            }","        }());","        // init global","        local.global = local.modeJs === 'browser'","            ? window","            : global;","        // init utility2_rollup","        local = local.global.utility2_rollup || (local.modeJs === 'browser'","            ? local.global.utility2_npmtest_lru_cache","            : global.utility2_moduleExports);","        // export local","        local.global.local = local;","    }());","    switch (local.modeJs) {","","","","    // init-after","    // run browser js-env code - init-after","    /* istanbul ignore next */","    case 'browser':","        local.testRunBrowser = function (event) {","            if (!event || (event &&","                    event.currentTarget &&","                    event.currentTarget.className &&","                    event.currentTarget.className.includes &&","                    event.currentTarget.className.includes('onreset'))) {","                // reset output","                Array.from(","                    document.querySelectorAll('body > .resettable')","                ).forEach(function (element) {","                    switch (element.tagName) {","                    case 'INPUT':","                    case 'TEXTAREA':","                        element.value = '';","                        break;","                    default:","                        element.textContent = '';","                    }","                });","            }","            switch (event && event.currentTarget && event.currentTarget.id) {","            case 'testRunButton1':","                // show tests","                if (document.querySelector('#testReportDiv1').style.display === 'none') {","                    document.querySelector('#testReportDiv1').style.display = 'block';","                    document.querySelector('#testRunButton1').textContent =","                        'hide internal test';","                    local.modeTest = true;","                    local.testRunDefault(local);","                // hide tests","                } else {","                    document.querySelector('#testReportDiv1').style.display = 'none';","                    document.querySelector('#testRunButton1').textContent = 'run internal test';","                }","                break;","            // custom-case","            default:","                break;","            }","            if (document.querySelector('#inputTextareaEval1') && (!event || (event &&","                    event.currentTarget &&","                    event.currentTarget.className &&","                    event.currentTarget.className.includes &&","                    event.currentTarget.className.includes('oneval')))) {","                // try to eval input-code","                try {","                    /*jslint evil: true*/","                    eval(document.querySelector('#inputTextareaEval1').value);","                } catch (errorCaught) {","                    console.error(errorCaught);","                }","            }","        };","        // log stderr and stdout to #outputTextareaStdout1","        ['error', 'log'].forEach(function (key) {","            console[key + '_original'] = console[key];","            console[key] = function () {","                var element;","                console[key + '_original'].apply(console, arguments);","                element = document.querySelector('#outputTextareaStdout1');","                if (!element) {","                    return;","                }","                // append text to #outputTextareaStdout1","                element.value += Array.from(arguments).map(function (arg) {","                    return typeof arg === 'string'","                        ? arg","                        : JSON.stringify(arg, null, 4);","                }).join(' ') + '\\n';","                // scroll textarea to bottom","                element.scrollTop = element.scrollHeight;","            };","        });","        // init event-handling","        ['change', 'click', 'keyup'].forEach(function (event) {","            Array.from(document.querySelectorAll('.on' + event)).forEach(function (element) {","                element.addEventListener(event, local.testRunBrowser);","            });","        });","        // run tests","        local.testRunBrowser();","        break;","","","","    // run node js-env code - init-after","    /* istanbul ignore next */","    case 'node':","        // export local","        module.exports = local;","        // require modules","        local.fs = require('fs');","        local.http = require('http');","        local.url = require('url');","        // init assets","        local.assetsDict = local.assetsDict || {};","        /* jslint-ignore-begin */","        local.assetsDict['/assets.index.template.html'] = '\\","<!doctype html>\\n\\","<html lang=\"en\">\\n\\","<head>\\n\\","<meta charset=\"UTF-8\">\\n\\","<meta name=\"viewport\" content=\"width=device-width, initial-scale=1\">\\n\\","<title>{{env.npm_package_name}} (v{{env.npm_package_version}})</title>\\n\\","<style>\\n\\","/*csslint\\n\\","    box-sizing: false,\\n\\","    universal-selector: false\\n\\","*/\\n\\","* {\\n\\","    box-sizing: border-box;\\n\\","}\\n\\","body {\\n\\","    background: #dde;\\n\\","    font-family: Arial, Helvetica, sans-serif;\\n\\","    margin: 2rem;\\n\\","}\\n\\","body > * {\\n\\","    margin-bottom: 1rem;\\n\\","}\\n\\",".utility2FooterDiv {\\n\\","    margin-top: 20px;\\n\\","    text-align: center;\\n\\","}\\n\\","</style>\\n\\","<style>\\n\\","/*csslint\\n\\","*/\\n\\","textarea {\\n\\","    font-family: monospace;\\n\\","    height: 10rem;\\n\\","    width: 100%;\\n\\","}\\n\\","textarea[readonly] {\\n\\","    background: #ddd;\\n\\","}\\n\\","</style>\\n\\","</head>\\n\\","<body>\\n\\","<!-- utility2-comment\\n\\","<div id=\"ajaxProgressDiv1\" style=\"background: #d00; height: 2px; left: 0; margin: 0; padding: 0; position: fixed; top: 0; transition: background 0.5s, width 1.5s; width: 25%;\"></div>\\n\\","utility2-comment -->\\n\\","<h1>\\n\\","<!-- utility2-comment\\n\\","    <a\\n\\","        {{#if env.npm_package_homepage}}\\n\\","        href=\"{{env.npm_package_homepage}}\"\\n\\","        {{/if env.npm_package_homepage}}\\n\\","        target=\"_blank\"\\n\\","    >\\n\\","utility2-comment -->\\n\\","        {{env.npm_package_name}} (v{{env.npm_package_version}})\\n\\","<!-- utility2-comment\\n\\","    </a>\\n\\","utility2-comment -->\\n\\","</h1>\\n\\","<h3>{{env.npm_package_description}}</h3>\\n\\","<!-- utility2-comment\\n\\","<h4><a download href=\"assets.app.js\">download standalone app</a></h4>\\n\\","<button class=\"onclick onreset\" id=\"testRunButton1\">run internal test</button><br>\\n\\","<div id=\"testReportDiv1\" style=\"display: none;\"></div>\\n\\","utility2-comment -->\\n\\","\\n\\","\\n\\","\\n\\","<label>stderr and stdout</label>\\n\\","<textarea class=\"resettable\" id=\"outputTextareaStdout1\" readonly></textarea>\\n\\","<!-- utility2-comment\\n\\","{{#if isRollup}}\\n\\","<script src=\"assets.app.js\"></script>\\n\\","{{#unless isRollup}}\\n\\","utility2-comment -->\\n\\","<script src=\"assets.utility2.rollup.js\"></script>\\n\\","<script src=\"jsonp.utility2._stateInit?callback=window.utility2._stateInit\"></script>\\n\\","<script src=\"assets.npmtest_lru_cache.rollup.js\"></script>\\n\\","<script src=\"assets.example.js\"></script>\\n\\","<script src=\"assets.test.js\"></script>\\n\\","<!-- utility2-comment\\n\\","{{/if isRollup}}\\n\\","utility2-comment -->\\n\\","<div class=\"utility2FooterDiv\">\\n\\","    [ this app was created with\\n\\","    <a href=\"https://github.com/kaizhu256/node-utility2\" target=\"_blank\">utility2</a>\\n\\","    ]\\n\\","</div>\\n\\","</body>\\n\\","</html>\\n\\","';","        /* jslint-ignore-end */","        if (local.templateRender) {","            local.assetsDict['/'] = local.templateRender(","                local.assetsDict['/assets.index.template.html'],","                {","                    env: local.objectSetDefault(local.env, {","                        npm_package_description: 'the greatest app in the world!',","                        npm_package_name: 'my-app',","                        npm_package_nameAlias: 'my_app',","                        npm_package_version: '0.0.1'","                    })","                }","            );","        } else {","            local.assetsDict['/'] = local.assetsDict['/assets.index.template.html']","                .replace((/\\{\\{env\\.(\\w+?)\\}\\}/g), function (match0, match1) {","                    // jslint-hack","                    String(match0);","                    switch (match1) {","                    case 'npm_package_description':","                        return 'the greatest app in the world!';","                    case 'npm_package_name':","                        return 'my-app';","                    case 'npm_package_nameAlias':","                        return 'my_app';","                    case 'npm_package_version':","                        return '0.0.1';","                    }","                });","        }","        // run the cli","        if (local.global.utility2_rollup || module !== require.main) {","            break;","        }","        local.assetsDict['/assets.example.js'] =","            local.assetsDict['/assets.example.js'] ||","            local.fs.readFileSync(__filename, 'utf8');","        // bug-workaround - long $npm_package_buildCustomOrg","        /* jslint-ignore-begin */","        local.assetsDict['/assets.npmtest_lru_cache.rollup.js'] =","            local.assetsDict['/assets.npmtest_lru_cache.rollup.js'] ||","            local.fs.readFileSync(","                local.npmtest_lru_cache.__dirname + '/lib.npmtest_lru_cache.js',","                'utf8'","            ).replace((/^#!/), '//');","        /* jslint-ignore-end */","        local.assetsDict['/favicon.ico'] = local.assetsDict['/favicon.ico'] || '';","        // if $npm_config_timeout_exit exists,","        // then exit this process after $npm_config_timeout_exit ms","        if (Number(process.env.npm_config_timeout_exit)) {","            setTimeout(process.exit, Number(process.env.npm_config_timeout_exit));","        }","        // start server","        if (local.global.utility2_serverHttp1) {","            break;","        }","        process.env.PORT = process.env.PORT || '8081';","        console.error('server starting on port ' + process.env.PORT);","        local.http.createServer(function (request, response) {","            request.urlParsed = local.url.parse(request.url);","            if (local.assetsDict[request.urlParsed.pathname] !== undefined) {","                response.end(local.assetsDict[request.urlParsed.pathname]);","                return;","            }","            response.statusCode = 404;","            response.end();","        }).listen(process.env.PORT);","        break;","    }","}());",""],"l":{"26":2,"28":2,"33":2,"35":2,"37":2,"38":2,"39":2,"44":1,"51":2,"55":2,"59":2,"61":2,"69":1,"70":2,"76":2,"79":2,"82":2,"83":2,"85":1,"89":2,"92":1,"93":1,"94":1,"96":1,"97":1,"100":1,"101":1,"103":1,"106":1,"108":2,"114":1,"116":1,"118":1,"123":1,"124":2,"125":2,"126":3,"127":3,"128":3,"129":3,"130":1,"133":3,"134":3,"139":3,"143":1,"144":3,"145":1,"149":1,"150":1,"158":1,"160":1,"161":1,"162":1,"164":1,"166":1,"258":1,"259":1,"271":1,"274":6,"275":6,"277":1,"279":2,"281":1,"283":2,"288":1,"289":1,"291":1,"296":1,"303":1,"306":1,"307":1,"310":1,"311":1,"313":1,"314":1,"315":1,"316":1,"317":1,"318":1,"319":1,"321":1,"322":1,"324":1}},"/home/travis/build/npmtest/node-npmtest-lru-cache/node_modules/lru-cache/lib/lru-cache.js":{"path":"/home/travis/build/npmtest/node-npmtest-lru-cache/node_modules/lru-cache/lib/lru-cache.js","s":{"1":1,"2":1,"3":1,"4":1,"5":1,"6":1,"7":1,"8":1,"9":1,"10":0,"11":0,"12":0,"13":1,"14":0,"15":0,"16":0,"17":0,"18":0,"19":0,"20":0,"21":0,"22":0,"23":1,"24":0,"25":1,"26":0,"27":0,"28":0,"29":0,"30":0,"31":0,"32":0,"33":0,"34":0,"35":0,"36":0,"37":0,"38":0,"39":0,"40":0,"41":0,"42":0,"43":1,"44":0,"45":0,"46":0,"47":0,"48":0,"49":1,"50":0,"51":0,"52":1,"53":0,"54":0,"55":0,"56":0,"57":0,"58":1,"59":0,"60":0,"61":0,"62":0,"63":0,"64":0,"65":0,"66":0,"67":0,"68":0,"69":1,"70":0,"71":1,"72":0,"73":1,"74":0,"75":0,"76":0,"77":0,"78":0,"79":1,"80":0,"81":0,"82":0,"83":0,"84":0,"85":0,"86":0,"87":1,"88":0,"89":0,"90":0,"91":0,"92":0,"93":1,"94":0,"95":0,"96":1,"97":0,"98":0,"99":1,"100":0,"101":0,"102":0,"103":0,"104":0,"105":0,"106":1,"107":0,"108":0,"109":0,"110":0,"111":1,"112":0,"113":1,"114":0,"115":0,"116":0,"117":0,"118":0,"119":0,"120":0,"121":0,"122":0,"123":0,"124":0,"125":0,"126":0,"127":0,"128":0,"129":0,"130":0,"131":0,"132":0,"133":0,"134":0,"135":0,"136":0,"137":0,"138":0,"139":0,"140":0,"141":0,"142":0,"143":0,"144":0,"145":0,"146":0,"147":0,"148":0,"149":0,"150":0,"151":0,"152":0,"153":0,"154":0,"155":0,"156":0,"157":0,"158":0,"159":0,"160":1,"161":0,"162":0,"163":0,"164":0,"165":0,"166":0,"167":0,"168":0,"169":0,"170":0,"171":0,"172":0,"173":0,"174":0,"175":0,"176":0,"177":0,"178":0,"179":0,"180":0,"181":0,"182":0,"183":0,"184":0,"185":0,"186":0,"187":0,"188":0,"189":0,"190":1,"191":0,"192":0,"193":0,"194":0,"195":0,"196":0,"197":1,"198":0,"199":1,"200":0,"201":1,"202":0,"203":0,"204":0,"205":0,"206":0,"207":1,"208":0,"209":1,"210":0,"211":0,"212":0,"213":0,"214":0,"215":0,"216":0,"217":0,"218":0,"219":0,"220":1,"221":0,"222":0,"223":0,"224":1,"225":0,"226":0,"227":0,"228":0,"229":0,"230":0,"231":0,"232":0,"233":0,"234":0,"235":0,"236":0,"237":1,"238":0,"239":0,"240":0,"241":0,"242":0,"243":0,"244":0,"245":0,"246":1,"247":0,"248":0,"249":0,"250":0,"251":0,"252":1,"253":0,"254":0,"255":0,"256":0,"257":0,"258":0,"259":0,"260":1,"261":0,"262":0,"263":0,"264":0,"265":0},"b":{"1":[1,0],"2":[0,0],"3":[0,0],"4":[0,0],"5":[0,0],"6":[0,0],"7":[0,0],"8":[0,0,0],"9":[0,0],"10":[0,0],"11":[0,0],"12":[0,0],"13":[0,0],"14":[0,0,0],"15":[0,0],"16":[0,0,0],"17":[0,0],"18":[0,0],"19":[0,0],"20":[0,0],"21":[0,0],"22":[0,0],"23":[0,0],"24":[0,0],"25":[0,0,0],"26":[0,0],"27":[0,0],"28":[0,0],"29":[0,0],"30":[0,0],"31":[0,0],"32":[0,0],"33":[0,0],"34":[0,0],"35":[0,0],"36":[0,0],"37":[0,0],"38":[0,0],"39":[0,0],"40":[0,0],"41":[0,0],"42":[0,0],"43":[0,0],"44":[0,0],"45":[0,0],"46":[0,0],"47":[0,0],"48":[0,0],"49":[0,0],"50":[0,0],"51":[0,0],"52":[0,0],"53":[0,0],"54":[0,0],"55":[0,0],"56":[0,0],"57":[0,0],"58":[0,0],"59":[0,0],"60":[0,0],"61":[0,0],"62":[0,0],"63":[0,0,0],"64":[0,0],"65":[0,0],"66":[0,0],"67":[0,0],"68":[0,0],"69":[0,0],"70":[0,0]},"f":{"1":0,"2":0,"3":0,"4":0,"5":0,"6":0,"7":0,"8":0,"9":0,"10":0,"11":0,"12":0,"13":0,"14":0,"15":0,"16":0,"17":0,"18":0,"19":0,"20":0,"21":0,"22":0,"23":0,"24":0,"25":0,"26":0,"27":0,"28":0,"29":0,"30":0,"31":0,"32":0,"33":0,"34":0,"35":0,"36":0,"37":0,"38":0,"39":0,"40":0,"41":0,"42":0,"43":0,"44":0,"45":0},"fnMap":{"1":{"name":"(anonymous_1)","line":17,"loc":{"start":{"line":17,"column":15},"end":{"line":17,"column":30}},"skip":true},"2":{"name":"(anonymous_2)","line":21,"loc":{"start":{"line":21,"column":15},"end":{"line":21,"column":30}}},"3":{"name":"priv","line":26,"loc":{"start":{"line":26,"column":0},"end":{"line":26,"column":30}}},"4":{"name":"naiveLength","line":42,"loc":{"start":{"line":42,"column":0},"end":{"line":42,"column":24}}},"5":{"name":"LRUCache","line":52,"loc":{"start":{"line":52,"column":0},"end":{"line":52,"column":28}}},"6":{"name":"(anonymous_6)","line":87,"loc":{"start":{"line":87,"column":7},"end":{"line":87,"column":21}}},"7":{"name":"(anonymous_7)","line":94,"loc":{"start":{"line":94,"column":7},"end":{"line":94,"column":19}}},"8":{"name":"(anonymous_8)","line":101,"loc":{"start":{"line":101,"column":7},"end":{"line":101,"column":29}}},"9":{"name":"(anonymous_9)","line":104,"loc":{"start":{"line":104,"column":7},"end":{"line":104,"column":19}}},"10":{"name":"(anonymous_10)","line":111,"loc":{"start":{"line":111,"column":7},"end":{"line":111,"column":21}}},"11":{"name":"(anonymous_11)","line":118,"loc":{"start":{"line":118,"column":7},"end":{"line":118,"column":19}}},"12":{"name":"(anonymous_12)","line":126,"loc":{"start":{"line":126,"column":7},"end":{"line":126,"column":21}}},"13":{"name":"(anonymous_13)","line":133,"loc":{"start":{"line":133,"column":36},"end":{"line":133,"column":51}}},"14":{"name":"(anonymous_14)","line":140,"loc":{"start":{"line":140,"column":7},"end":{"line":140,"column":19}}},"15":{"name":"(anonymous_15)","line":145,"loc":{"start":{"line":145,"column":7},"end":{"line":145,"column":19}}},"16":{"name":"(anonymous_16)","line":150,"loc":{"start":{"line":150,"column":7},"end":{"line":150,"column":19}}},"17":{"name":"(anonymous_17)","line":154,"loc":{"start":{"line":154,"column":30},"end":{"line":154,"column":51}}},"18":{"name":"forEachStep","line":163,"loc":{"start":{"line":163,"column":0},"end":{"line":163,"column":45}}},"19":{"name":"(anonymous_19)","line":176,"loc":{"start":{"line":176,"column":29},"end":{"line":176,"column":50}}},"20":{"name":"(anonymous_20)","line":185,"loc":{"start":{"line":185,"column":26},"end":{"line":185,"column":38}}},"21":{"name":"(anonymous_21)","line":186,"loc":{"start":{"line":186,"column":45},"end":{"line":186,"column":58}}},"22":{"name":"(anonymous_22)","line":191,"loc":{"start":{"line":191,"column":28},"end":{"line":191,"column":40}}},"23":{"name":"(anonymous_23)","line":192,"loc":{"start":{"line":192,"column":45},"end":{"line":192,"column":58}}},"24":{"name":"(anonymous_24)","line":197,"loc":{"start":{"line":197,"column":27},"end":{"line":197,"column":39}}},"25":{"name":"(anonymous_25)","line":201,"loc":{"start":{"line":201,"column":34},"end":{"line":201,"column":49}}},"26":{"name":"(anonymous_26)","line":211,"loc":{"start":{"line":211,"column":26},"end":{"line":211,"column":38}}},"27":{"name":"(anonymous_27)","line":212,"loc":{"start":{"line":212,"column":35},"end":{"line":212,"column":50}}},"28":{"name":"(anonymous_28)","line":220,"loc":{"start":{"line":220,"column":28},"end":{"line":220,"column":41}}},"29":{"name":"(anonymous_29)","line":225,"loc":{"start":{"line":225,"column":29},"end":{"line":225,"column":41}}},"30":{"name":"(anonymous_30)","line":229,"loc":{"start":{"line":229,"column":29},"end":{"line":229,"column":48}}},"31":{"name":"(anonymous_31)","line":267,"loc":{"start":{"line":267,"column":32},"end":{"line":267,"column":48}}},"32":{"name":"(anonymous_32)","line":301,"loc":{"start":{"line":301,"column":25},"end":{"line":301,"column":55}}},"33":{"name":"(anonymous_33)","line":348,"loc":{"start":{"line":348,"column":25},"end":{"line":348,"column":40}}},"34":{"name":"(anonymous_34)","line":357,"loc":{"start":{"line":357,"column":25},"end":{"line":357,"column":40}}},"35":{"name":"(anonymous_35)","line":361,"loc":{"start":{"line":361,"column":26},"end":{"line":361,"column":41}}},"36":{"name":"(anonymous_36)","line":365,"loc":{"start":{"line":365,"column":25},"end":{"line":365,"column":37}}},"37":{"name":"(anonymous_37)","line":372,"loc":{"start":{"line":372,"column":25},"end":{"line":372,"column":40}}},"38":{"name":"(anonymous_38)","line":376,"loc":{"start":{"line":376,"column":26},"end":{"line":376,"column":41}}},"39":{"name":"(anonymous_39)","line":398,"loc":{"start":{"line":398,"column":27},"end":{"line":398,"column":39}}},"40":{"name":"(anonymous_40)","line":400,"loc":{"start":{"line":400,"column":30},"end":{"line":400,"column":52}}},"41":{"name":"get","line":405,"loc":{"start":{"line":405,"column":0},"end":{"line":405,"column":32}}},"42":{"name":"isStale","line":422,"loc":{"start":{"line":422,"column":0},"end":{"line":422,"column":29}}},"43":{"name":"trim","line":436,"loc":{"start":{"line":436,"column":0},"end":{"line":436,"column":21}}},"44":{"name":"del","line":450,"loc":{"start":{"line":450,"column":0},"end":{"line":450,"column":26}}},"45":{"name":"Entry","line":463,"loc":{"start":{"line":463,"column":0},"end":{"line":463,"column":49}}}},"statementMap":{"1":{"start":{"line":1,"column":0},"end":{"line":1,"column":25}},"2":{"start":{"line":5,"column":0},"end":{"line":5,"column":30}},"3":{"start":{"line":6,"column":0},"end":{"line":6,"column":26}},"4":{"start":{"line":9,"column":0},"end":{"line":9,"column":32}},"5":{"start":{"line":12,"column":0},"end":{"line":12,"column":16}},"6":{"start":{"line":13,"column":0},"end":{"line":13,"column":44}},"7":{"start":{"line":14,"column":0},"end":{"line":14,"column":14}},"8":{"start":{"line":16,"column":0},"end":{"line":24,"column":1}},"9":{"start":{"line":17,"column":2},"end":{"line":19,"column":3},"skip":true},"10":{"start":{"line":18,"column":4},"end":{"line":18,"column":26},"skip":true},"11":{"start":{"line":21,"column":2},"end":{"line":23,"column":3}},"12":{"start":{"line":22,"column":4},"end":{"line":22,"column":20}},"13":{"start":{"line":26,"column":0},"end":{"line":40,"column":1}},"14":{"start":{"line":27,"column":2},"end":{"line":27,"column":9}},"15":{"start":{"line":28,"column":2},"end":{"line":33,"column":3}},"16":{"start":{"line":29,"column":4},"end":{"line":29,"column":22}},"17":{"start":{"line":31,"column":4},"end":{"line":31,"column":25}},"18":{"start":{"line":32,"column":4},"end":{"line":32,"column":22}},"19":{"start":{"line":34,"column":2},"end":{"line":39,"column":3}},"20":{"start":{"line":35,"column":4},"end":{"line":35,"column":19}},"21":{"start":{"line":37,"column":4},"end":{"line":37,"column":18}},"22":{"start":{"line":38,"column":4},"end":{"line":38,"column":14}},"23":{"start":{"line":42,"column":0},"end":{"line":42,"column":36}},"24":{"start":{"line":42,"column":26},"end":{"line":42,"column":35}},"25":{"start":{"line":52,"column":0},"end":{"line":83,"column":1}},"26":{"start":{"line":53,"column":2},"end":{"line":55,"column":3}},"27":{"start":{"line":54,"column":4},"end":{"line":54,"column":32}},"28":{"start":{"line":57,"column":2},"end":{"line":59,"column":3}},"29":{"start":{"line":58,"column":4},"end":{"line":58,"column":30}},"30":{"start":{"line":61,"column":2},"end":{"line":63,"column":3}},"31":{"start":{"line":62,"column":4},"end":{"line":62,"column":16}},"32":{"start":{"line":65,"column":2},"end":{"line":65,"column":42}},"33":{"start":{"line":67,"column":2},"end":{"line":71,"column":3}},"34":{"start":{"line":70,"column":4},"end":{"line":70,"column":31}},"35":{"start":{"line":73,"column":2},"end":{"line":73,"column":40}},"36":{"start":{"line":74,"column":2},"end":{"line":76,"column":3}},"37":{"start":{"line":75,"column":4},"end":{"line":75,"column":20}},"38":{"start":{"line":77,"column":2},"end":{"line":77,"column":36}},"39":{"start":{"line":79,"column":2},"end":{"line":79,"column":50}},"40":{"start":{"line":80,"column":2},"end":{"line":80,"column":43}},"41":{"start":{"line":81,"column":2},"end":{"line":81,"column":40}},"42":{"start":{"line":82,"column":2},"end":{"line":82,"column":14}},"43":{"start":{"line":86,"column":0},"end":{"line":98,"column":2}},"44":{"start":{"line":88,"column":4},"end":{"line":90,"column":5}},"45":{"start":{"line":89,"column":6},"end":{"line":89,"column":19}},"46":{"start":{"line":91,"column":4},"end":{"line":91,"column":25}},"47":{"start":{"line":92,"column":4},"end":{"line":92,"column":14}},"48":{"start":{"line":95,"column":4},"end":{"line":95,"column":28}},"49":{"start":{"line":100,"column":0},"end":{"line":108,"column":2}},"50":{"start":{"line":102,"column":4},"end":{"line":102,"column":42}},"51":{"start":{"line":105,"column":4},"end":{"line":105,"column":35}},"52":{"start":{"line":110,"column":0},"end":{"line":122,"column":2}},"53":{"start":{"line":112,"column":4},"end":{"line":114,"column":5}},"54":{"start":{"line":113,"column":6},"end":{"line":113,"column":12}},"55":{"start":{"line":115,"column":4},"end":{"line":115,"column":28}},"56":{"start":{"line":116,"column":4},"end":{"line":116,"column":14}},"57":{"start":{"line":119,"column":4},"end":{"line":119,"column":31}},"58":{"start":{"line":125,"column":0},"end":{"line":142,"column":2}},"59":{"start":{"line":127,"column":4},"end":{"line":129,"column":5}},"60":{"start":{"line":128,"column":6},"end":{"line":128,"column":22}},"61":{"start":{"line":130,"column":4},"end":{"line":137,"column":5}},"62":{"start":{"line":131,"column":6},"end":{"line":131,"column":40}},"63":{"start":{"line":132,"column":6},"end":{"line":132,"column":29}},"64":{"start":{"line":133,"column":6},"end":{"line":136,"column":14}},"65":{"start":{"line":134,"column":8},"end":{"line":134,"column":82}},"66":{"start":{"line":135,"column":8},"end":{"line":135,"column":63}},"67":{"start":{"line":138,"column":4},"end":{"line":138,"column":14}},"68":{"start":{"line":140,"column":21},"end":{"line":140,"column":59}},"69":{"start":{"line":144,"column":0},"end":{"line":147,"column":2}},"70":{"start":{"line":145,"column":21},"end":{"line":145,"column":49}},"71":{"start":{"line":149,"column":0},"end":{"line":152,"column":2}},"72":{"start":{"line":150,"column":21},"end":{"line":150,"column":57}},"73":{"start":{"line":154,"column":0},"end":{"line":161,"column":1}},"74":{"start":{"line":155,"column":2},"end":{"line":155,"column":23}},"75":{"start":{"line":156,"column":2},"end":{"line":160,"column":3}},"76":{"start":{"line":157,"column":4},"end":{"line":157,"column":26}},"77":{"start":{"line":158,"column":4},"end":{"line":158,"column":40}},"78":{"start":{"line":159,"column":4},"end":{"line":159,"column":17}},"79":{"start":{"line":163,"column":0},"end":{"line":174,"column":1}},"80":{"start":{"line":164,"column":2},"end":{"line":164,"column":22}},"81":{"start":{"line":165,"column":2},"end":{"line":170,"column":3}},"82":{"start":{"line":166,"column":4},"end":{"line":166,"column":19}},"83":{"start":{"line":167,"column":4},"end":{"line":169,"column":5}},"84":{"start":{"line":168,"column":6},"end":{"line":168,"column":21}},"85":{"start":{"line":171,"column":2},"end":{"line":173,"column":3}},"86":{"start":{"line":172,"column":4},"end":{"line":172,"column":44}},"87":{"start":{"line":176,"column":0},"end":{"line":183,"column":1}},"88":{"start":{"line":177,"column":2},"end":{"line":177,"column":23}},"89":{"start":{"line":178,"column":2},"end":{"line":182,"column":3}},"90":{"start":{"line":179,"column":4},"end":{"line":179,"column":26}},"91":{"start":{"line":180,"column":4},"end":{"line":180,"column":40}},"92":{"start":{"line":181,"column":4},"end":{"line":181,"column":17}},"93":{"start":{"line":185,"column":0},"end":{"line":189,"column":1}},"94":{"start":{"line":186,"column":2},"end":{"line":188,"column":10}},"95":{"start":{"line":187,"column":4},"end":{"line":187,"column":16}},"96":{"start":{"line":191,"column":0},"end":{"line":195,"column":1}},"97":{"start":{"line":192,"column":2},"end":{"line":194,"column":10}},"98":{"start":{"line":193,"column":4},"end":{"line":193,"column":18}},"99":{"start":{"line":197,"column":0},"end":{"line":209,"column":1}},"100":{"start":{"line":198,"column":2},"end":{"line":204,"column":3}},"101":{"start":{"line":201,"column":4},"end":{"line":203,"column":12}},"102":{"start":{"line":202,"column":6},"end":{"line":202,"column":58}},"103":{"start":{"line":206,"column":2},"end":{"line":206,"column":32}},"104":{"start":{"line":207,"column":2},"end":{"line":207,"column":38}},"105":{"start":{"line":208,"column":2},"end":{"line":208,"column":25}},"106":{"start":{"line":211,"column":0},"end":{"line":223,"column":1}},"107":{"start":{"line":212,"column":2},"end":{"line":222,"column":4}},"108":{"start":{"line":213,"column":4},"end":{"line":219,"column":5}},"109":{"start":{"line":214,"column":6},"end":{"line":218,"column":7}},"110":{"start":{"line":221,"column":4},"end":{"line":221,"column":12}},"111":{"start":{"line":225,"column":0},"end":{"line":227,"column":1}},"112":{"start":{"line":226,"column":2},"end":{"line":226,"column":30}},"113":{"start":{"line":229,"column":0},"end":{"line":299,"column":1}},"114":{"start":{"line":230,"column":2},"end":{"line":230,"column":24}},"115":{"start":{"line":231,"column":2},"end":{"line":231,"column":20}},"116":{"start":{"line":233,"column":2},"end":{"line":233,"column":35}},"117":{"start":{"line":234,"column":2},"end":{"line":237,"column":3}},"118":{"start":{"line":235,"column":4},"end":{"line":235,"column":33}},"119":{"start":{"line":236,"column":4},"end":{"line":236,"column":17}},"120":{"start":{"line":239,"column":2},"end":{"line":239,"column":29}},"121":{"start":{"line":240,"column":2},"end":{"line":246,"column":3}},"122":{"start":{"line":241,"column":4},"end":{"line":243,"column":5}},"123":{"start":{"line":242,"column":6},"end":{"line":242,"column":16}},"124":{"start":{"line":244,"column":4},"end":{"line":244,"column":48}},"125":{"start":{"line":245,"column":4},"end":{"line":245,"column":17}},"126":{"start":{"line":248,"column":2},"end":{"line":248,"column":35}},"127":{"start":{"line":249,"column":2},"end":{"line":255,"column":3}},"128":{"start":{"line":250,"column":4},"end":{"line":252,"column":5}},"129":{"start":{"line":251,"column":6},"end":{"line":251,"column":16}},"130":{"start":{"line":253,"column":4},"end":{"line":253,"column":54}},"131":{"start":{"line":254,"column":4},"end":{"line":254,"column":17}},"132":{"start":{"line":257,"column":2},"end":{"line":257,"column":41}},"133":{"start":{"line":258,"column":2},"end":{"line":264,"column":3}},"134":{"start":{"line":259,"column":4},"end":{"line":261,"column":5}},"135":{"start":{"line":260,"column":6},"end":{"line":260,"column":16}},"136":{"start":{"line":262,"column":4},"end":{"line":262,"column":68}},"137":{"start":{"line":263,"column":4},"end":{"line":263,"column":17}},"138":{"start":{"line":266,"column":2},"end":{"line":266,"column":22}},"139":{"start":{"line":267,"column":2},"end":{"line":291,"column":4}},"140":{"start":{"line":268,"column":4},"end":{"line":276,"column":5}},"141":{"start":{"line":269,"column":6},"end":{"line":269,"column":20}},"142":{"start":{"line":271,"column":6},"end":{"line":273,"column":7}},"143":{"start":{"line":272,"column":8},"end":{"line":272,"column":20}},"144":{"start":{"line":274,"column":6},"end":{"line":274,"column":21}},"145":{"start":{"line":275,"column":6},"end":{"line":275,"column":19}},"146":{"start":{"line":277,"column":4},"end":{"line":277,"column":61}},"147":{"start":{"line":278,"column":4},"end":{"line":278,"column":35}},"148":{"start":{"line":279,"column":4},"end":{"line":281,"column":5}},"149":{"start":{"line":280,"column":6},"end":{"line":280,"column":30}},"150":{"start":{"line":282,"column":4},"end":{"line":284,"column":5}},"151":{"start":{"line":283,"column":6},"end":{"line":283,"column":30}},"152":{"start":{"line":285,"column":4},"end":{"line":287,"column":5}},"153":{"start":{"line":286,"column":6},"end":{"line":286,"column":22}},"154":{"start":{"line":289,"column":4},"end":{"line":289,"column":58}},"155":{"start":{"line":290,"column":4},"end":{"line":290,"column":29}},"156":{"start":{"line":293,"column":2},"end":{"line":295,"column":3}},"157":{"start":{"line":294,"column":4},"end":{"line":294,"column":15}},"158":{"start":{"line":296,"column":2},"end":{"line":296,"column":12}},"159":{"start":{"line":298,"column":2},"end":{"line":298,"column":12}},"160":{"start":{"line":301,"column":0},"end":{"line":346,"column":1}},"161":{"start":{"line":302,"column":2},"end":{"line":302,"column":41}},"162":{"start":{"line":304,"column":2},"end":{"line":304,"column":35}},"163":{"start":{"line":305,"column":2},"end":{"line":305,"column":65}},"164":{"start":{"line":307,"column":2},"end":{"line":329,"column":3}},"165":{"start":{"line":308,"column":4},"end":{"line":311,"column":5}},"166":{"start":{"line":309,"column":6},"end":{"line":309,"column":45}},"167":{"start":{"line":310,"column":6},"end":{"line":310,"column":18}},"168":{"start":{"line":313,"column":4},"end":{"line":313,"column":43}},"169":{"start":{"line":314,"column":4},"end":{"line":314,"column":25}},"170":{"start":{"line":317,"column":4},"end":{"line":319,"column":5}},"171":{"start":{"line":318,"column":6},"end":{"line":318,"column":55}},"172":{"start":{"line":321,"column":4},"end":{"line":321,"column":18}},"173":{"start":{"line":322,"column":4},"end":{"line":322,"column":24}},"174":{"start":{"line":323,"column":4},"end":{"line":323,"column":22}},"175":{"start":{"line":324,"column":4},"end":{"line":324,"column":68}},"176":{"start":{"line":325,"column":4},"end":{"line":325,"column":21}},"177":{"start":{"line":326,"column":4},"end":{"line":326,"column":17}},"178":{"start":{"line":327,"column":4},"end":{"line":327,"column":14}},"179":{"start":{"line":328,"column":4},"end":{"line":328,"column":15}},"180":{"start":{"line":331,"column":2},"end":{"line":331,"column":51}},"181":{"start":{"line":334,"column":2},"end":{"line":339,"column":3}},"182":{"start":{"line":335,"column":4},"end":{"line":337,"column":5}},"183":{"start":{"line":336,"column":6},"end":{"line":336,"column":50}},"184":{"start":{"line":338,"column":4},"end":{"line":338,"column":16}},"185":{"start":{"line":341,"column":2},"end":{"line":341,"column":57}},"186":{"start":{"line":342,"column":2},"end":{"line":342,"column":36}},"187":{"start":{"line":343,"column":2},"end":{"line":343,"column":58}},"188":{"start":{"line":344,"column":2},"end":{"line":344,"column":12}},"189":{"start":{"line":345,"column":2},"end":{"line":345,"column":13}},"190":{"start":{"line":348,"column":0},"end":{"line":355,"column":1}},"191":{"start":{"line":349,"column":2},"end":{"line":349,"column":49}},"192":{"start":{"line":349,"column":37},"end":{"line":349,"column":49}},"193":{"start":{"line":350,"column":2},"end":{"line":350,"column":46}},"194":{"start":{"line":351,"column":2},"end":{"line":353,"column":3}},"195":{"start":{"line":352,"column":4},"end":{"line":352,"column":16}},"196":{"start":{"line":354,"column":2},"end":{"line":354,"column":13}},"197":{"start":{"line":357,"column":0},"end":{"line":359,"column":1}},"198":{"start":{"line":358,"column":2},"end":{"line":358,"column":29}},"199":{"start":{"line":361,"column":0},"end":{"line":363,"column":1}},"200":{"start":{"line":362,"column":2},"end":{"line":362,"column":30}},"201":{"start":{"line":365,"column":0},"end":{"line":370,"column":1}},"202":{"start":{"line":366,"column":2},"end":{"line":366,"column":39}},"203":{"start":{"line":367,"column":2},"end":{"line":367,"column":24}},"204":{"start":{"line":367,"column":13},"end":{"line":367,"column":24}},"205":{"start":{"line":368,"column":2},"end":{"line":368,"column":17}},"206":{"start":{"line":369,"column":2},"end":{"line":369,"column":19}},"207":{"start":{"line":372,"column":0},"end":{"line":374,"column":1}},"208":{"start":{"line":373,"column":2},"end":{"line":373,"column":41}},"209":{"start":{"line":376,"column":0},"end":{"line":396,"column":1}},"210":{"start":{"line":378,"column":2},"end":{"line":378,"column":14}},"211":{"start":{"line":380,"column":2},"end":{"line":380,"column":22}},"212":{"start":{"line":382,"column":2},"end":{"line":395,"column":3}},"213":{"start":{"line":383,"column":4},"end":{"line":383,"column":20}},"214":{"start":{"line":384,"column":4},"end":{"line":384,"column":30}},"215":{"start":{"line":385,"column":4},"end":{"line":394,"column":5}},"216":{"start":{"line":387,"column":6},"end":{"line":387,"column":28}},"217":{"start":{"line":389,"column":6},"end":{"line":389,"column":34}},"218":{"start":{"line":391,"column":6},"end":{"line":393,"column":7}},"219":{"start":{"line":392,"column":8},"end":{"line":392,"column":38}},"220":{"start":{"line":398,"column":0},"end":{"line":403,"column":1}},"221":{"start":{"line":399,"column":2},"end":{"line":399,"column":17}},"222":{"start":{"line":400,"column":2},"end":{"line":402,"column":4}},"223":{"start":{"line":401,"column":4},"end":{"line":401,"column":25}},"224":{"start":{"line":405,"column":0},"end":{"line":420,"column":1}},"225":{"start":{"line":406,"column":2},"end":{"line":406,"column":41}},"226":{"start":{"line":407,"column":2},"end":{"line":418,"column":3}},"227":{"start":{"line":408,"column":4},"end":{"line":408,"column":24}},"228":{"start":{"line":409,"column":4},"end":{"line":416,"column":5}},"229":{"start":{"line":410,"column":6},"end":{"line":410,"column":21}},"230":{"start":{"line":411,"column":6},"end":{"line":411,"column":52}},"231":{"start":{"line":411,"column":37},"end":{"line":411,"column":52}},"232":{"start":{"line":413,"column":6},"end":{"line":415,"column":7}},"233":{"start":{"line":414,"column":8},"end":{"line":414,"column":47}},"234":{"start":{"line":417,"column":4},"end":{"line":417,"column":28}},"235":{"start":{"line":417,"column":13},"end":{"line":417,"column":28}},"236":{"start":{"line":419,"column":2},"end":{"line":419,"column":12}},"237":{"start":{"line":422,"column":0},"end":{"line":434,"column":1}},"238":{"start":{"line":423,"column":2},"end":{"line":425,"column":3}},"239":{"start":{"line":424,"column":4},"end":{"line":424,"column":16}},"240":{"start":{"line":426,"column":2},"end":{"line":426,"column":19}},"241":{"start":{"line":427,"column":2},"end":{"line":427,"column":33}},"242":{"start":{"line":428,"column":2},"end":{"line":432,"column":3}},"243":{"start":{"line":429,"column":4},"end":{"line":429,"column":29}},"244":{"start":{"line":431,"column":4},"end":{"line":431,"column":65}},"245":{"start":{"line":433,"column":2},"end":{"line":433,"column":14}},"246":{"start":{"line":436,"column":0},"end":{"line":448,"column":1}},"247":{"start":{"line":437,"column":2},"end":{"line":447,"column":3}},"248":{"start":{"line":438,"column":4},"end":{"line":446,"column":5}},"249":{"start":{"line":443,"column":6},"end":{"line":443,"column":28}},"250":{"start":{"line":444,"column":6},"end":{"line":444,"column":23}},"251":{"start":{"line":445,"column":6},"end":{"line":445,"column":19}},"252":{"start":{"line":450,"column":0},"end":{"line":460,"column":1}},"253":{"start":{"line":451,"column":2},"end":{"line":459,"column":3}},"254":{"start":{"line":452,"column":4},"end":{"line":452,"column":24}},"255":{"start":{"line":453,"column":4},"end":{"line":455,"column":5}},"256":{"start":{"line":454,"column":6},"end":{"line":454,"column":58}},"257":{"start":{"line":456,"column":4},"end":{"line":456,"column":59}},"258":{"start":{"line":457,"column":4},"end":{"line":457,"column":39}},"259":{"start":{"line":458,"column":4},"end":{"line":458,"column":42}},"260":{"start":{"line":463,"column":0},"end":{"line":469,"column":1}},"261":{"start":{"line":464,"column":2},"end":{"line":464,"column":16}},"262":{"start":{"line":465,"column":2},"end":{"line":465,"column":20}},"263":{"start":{"line":466,"column":2},"end":{"line":466,"column":22}},"264":{"start":{"line":467,"column":2},"end":{"line":467,"column":16}},"265":{"start":{"line":468,"column":2},"end":{"line":468,"column":27}}},"branchMap":{"1":{"line":16,"type":"if","locations":[{"start":{"line":16,"column":0},"end":{"line":16,"column":0},"skip":true},{"start":{"line":16,"column":0},"end":{"line":16,"column":0}}]},"2":{"line":28,"type":"if","locations":[{"start":{"line":28,"column":2},"end":{"line":28,"column":2}},{"start":{"line":28,"column":2},"end":{"line":28,"column":2}}]},"3":{"line":34,"type":"if","locations":[{"start":{"line":34,"column":2},"end":{"line":34,"column":2}},{"start":{"line":34,"column":2},"end":{"line":34,"column":2}}]},"4":{"line":53,"type":"if","locations":[{"start":{"line":53,"column":2},"end":{"line":53,"column":2}},{"start":{"line":53,"column":2},"end":{"line":53,"column":2}}]},"5":{"line":57,"type":"if","locations":[{"start":{"line":57,"column":2},"end":{"line":57,"column":2}},{"start":{"line":57,"column":2},"end":{"line":57,"column":2}}]},"6":{"line":61,"type":"if","locations":[{"start":{"line":61,"column":2},"end":{"line":61,"column":2}},{"start":{"line":61,"column":2},"end":{"line":61,"column":2}}]},"7":{"line":67,"type":"if","locations":[{"start":{"line":67,"column":2},"end":{"line":67,"column":2}},{"start":{"line":67,"column":2},"end":{"line":67,"column":2}}]},"8":{"line":67,"type":"binary-expr","locations":[{"start":{"line":67,"column":6},"end":{"line":67,"column":10}},{"start":{"line":68,"column":6},"end":{"line":68,"column":32}},{"start":{"line":69,"column":6},"end":{"line":69,"column":14}}]},"9":{"line":73,"type":"binary-expr","locations":[{"start":{"line":73,"column":11},"end":{"line":73,"column":25}},{"start":{"line":73,"column":29},"end":{"line":73,"column":40}}]},"10":{"line":74,"type":"if","locations":[{"start":{"line":74,"column":2},"end":{"line":74,"column":2}},{"start":{"line":74,"column":2},"end":{"line":74,"column":2}}]},"11":{"line":79,"type":"binary-expr","locations":[{"start":{"line":79,"column":27},"end":{"line":79,"column":40}},{"start":{"line":79,"column":44},"end":{"line":79,"column":49}}]},"12":{"line":80,"type":"binary-expr","locations":[{"start":{"line":80,"column":23},"end":{"line":80,"column":37}},{"start":{"line":80,"column":41},"end":{"line":80,"column":42}}]},"13":{"line":88,"type":"if","locations":[{"start":{"line":88,"column":4},"end":{"line":88,"column":4}},{"start":{"line":88,"column":4},"end":{"line":88,"column":4}}]},"14":{"line":88,"type":"binary-expr","locations":[{"start":{"line":88,"column":8},"end":{"line":88,"column":11}},{"start":{"line":88,"column":15},"end":{"line":88,"column":40}},{"start":{"line":88,"column":44},"end":{"line":88,"column":51}}]},"15":{"line":112,"type":"if","locations":[{"start":{"line":112,"column":4},"end":{"line":112,"column":4}},{"start":{"line":112,"column":4},"end":{"line":112,"column":4}}]},"16":{"line":112,"type":"binary-expr","locations":[{"start":{"line":112,"column":8},"end":{"line":112,"column":11}},{"start":{"line":112,"column":15},"end":{"line":112,"column":40}},{"start":{"line":112,"column":44},"end":{"line":112,"column":50}}]},"17":{"line":127,"type":"if","locations":[{"start":{"line":127,"column":4},"end":{"line":127,"c
[...]
8,"column":4},"end":{"line":268,"column":4}}]},"38":{"line":271,"type":"if","locations":[{"start":{"line":271,"column":6},"end":{"line":271,"column":6}},{"start":{"line":271,"column":6},"end":{"line":271,"column":6}}]},"39":{"line":279,"type":"if","locations":[{"start":{"line":279,"column":4},"end":{"line":279,"column":4}},{"start":{"line":279,"column":4},"end":{"line":279,"column":4}}]},"40":{"line":282,"type":"if","locations":[{"start":{"line":282,"column":4},"end":{"line":282,"column":4}},{"start":{"line":282,"column":4},"end":{"line":282,"column":4}}]},"41":{"line":285,"type":"if","locations":[{"start":{"line":285,"column":4},"end":{"line":285,"column":4}},{"start":{"line":285,"column":4},"end":{"line":285,"column":4}}]},"42":{"line":293,"type":"if","locations":[{"start":{"line":293,"column":2},"end":{"line":293,"column":2}},{"start":{"line":293,"column":2},"end":{"line":293,"column":2}}]},"43":{"line":293,"type":"binary-expr","locations":[{"start":{"line":293,"column":6},"end":{"line":293,"column":14}},{"start":{"line":293,"column":18},"end":{"line":293,"column":24}}]},"44":{"line":302,"type":"binary-expr","locations":[{"start":{"line":302,"column":11},"end":{"line":302,"column":17}},{"start":{"line":302,"column":21},"end":{"line":302,"column":41}}]},"45":{"line":304,"type":"cond-expr","locations":[{"start":{"line":304,"column":21},"end":{"line":304,"column":31}},{"start":{"line":304,"column":34},"end":{"line":304,"column":35}}]},"46":{"line":307,"type":"if","locations":[{"start":{"line":307,"column":2},"end":{"line":307,"column":2}},{"start":{"line":307,"column":2},"end":{"line":307,"column":2}}]},"47":{"line":308,"type":"if","locations":[{"start":{"line":308,"column":4},"end":{"line":308,"column":4}},{"start":{"line":308,"column":4},"end":{"line":308,"column":4}}]},"48":{"line":317,"type":"if","locations":[{"start":{"line":317,"column":4},"end":{"line":317,"column":4}},{"start":{"line":317,"column":4},"end":{"line":317,"column":4}}]},"49":{"line":334,"type":"if","locations":[{"start":{"line":334,"column":2},"end":{"line":334,"column":2}},{"start":{"line":334,"column":2},"end":{"line":334,"column":2}}]},"50":{"line":335,"type":"if","locations":[{"start":{"line":335,"column":4},"end":{"line":335,"column":4}},{"start":{"line":335,"column":4},"end":{"line":335,"column":4}}]},"51":{"line":349,"type":"if","locations":[{"start":{"line":349,"column":2},"end":{"line":349,"column":2}},{"start":{"line":349,"column":2},"end":{"line":349,"column":2}}]},"52":{"line":351,"type":"if","locations":[{"start":{"line":351,"column":2},"end":{"line":351,"column":2}},{"start":{"line":351,"column":2},"end":{"line":351,"column":2}}]},"53":{"line":367,"type":"if","locations":[{"start":{"line":367,"column":2},"end":{"line":367,"column":2}},{"start":{"line":367,"column":2},"end":{"line":367,"column":2}}]},"54":{"line":384,"type":"binary-expr","locations":[{"start":{"line":384,"column":20},"end":{"line":384,"column":25}},{"start":{"line":384,"column":29},"end":{"line":384,"column":30}}]},"55":{"line":385,"type":"if","locations":[{"start":{"line":385,"column":4},"end":{"line":385,"column":4}},{"start":{"line":385,"column":4},"end":{"line":385,"column":4}}]},"56":{"line":391,"type":"if","locations":[{"start":{"line":391,"column":6},"end":{"line":391,"column":6}},{"start":{"line":391,"column":6},"end":{"line":391,"column":6}}]},"57":{"line":407,"type":"if","locations":[{"start":{"line":407,"column":2},"end":{"line":407,"column":2}},{"start":{"line":407,"column":2},"end":{"line":407,"column":2}}]},"58":{"line":409,"type":"if","locations":[{"start":{"line":409,"column":4},"end":{"line":409,"column":4}},{"start":{"line":409,"column":4},"end":{"line":409,"column":4}}]},"59":{"line":411,"type":"if","locations":[{"start":{"line":411,"column":6},"end":{"line":411,"column":6}},{"start":{"line":411,"column":6},"end":{"line":411,"column":6}}]},"60":{"line":413,"type":"if","locations":[{"start":{"line":413,"column":6},"end":{"line":413,"column":6}},{"start":{"line":413,"column":6},"end":{"line":413,"column":6}}]},"61":{"line":417,"type":"if","locations":[{"start":{"line":417,"column":4},"end":{"line":417,"column":4}},{"start":{"line":417,"column":4},"end":{"line":417,"column":4}}]},"62":{"line":423,"type":"if","locations":[{"start":{"line":423,"column":2},"end":{"line":423,"column":2}},{"start":{"line":423,"column":2},"end":{"line":423,"column":2}}]},"63":{"line":423,"type":"binary-expr","locations":[{"start":{"line":423,"column":6},"end":{"line":423,"column":10}},{"start":{"line":423,"column":15},"end":{"line":423,"column":26}},{"start":{"line":423,"column":30},"end":{"line":423,"column":51}}]},"64":{"line":428,"type":"if","locations":[{"start":{"line":428,"column":2},"end":{"line":428,"column":2}},{"start":{"line":428,"column":2},"end":{"line":428,"column":2}}]},"65":{"line":431,"type":"binary-expr","locations":[{"start":{"line":431,"column":12},"end":{"line":431,"column":32}},{"start":{"line":431,"column":37},"end":{"line":431,"column":64}}]},"66":{"line":437,"type":"if","locations":[{"start":{"line":437,"column":2},"end":{"line":437,"column":2}},{"start":{"line":437,"column":2},"end":{"line":437,"column":2}}]},"67":{"line":439,"type":"binary-expr","locations":[{"start":{"line":439,"column":9},"end":{"line":439,"column":49}},{"start":{"line":439,"column":53},"end":{"line":439,"column":68}}]},"68":{"line":451,"type":"if","locations":[{"start":{"line":451,"column":2},"end":{"line":451,"column":2}},{"start":{"line":451,"column":2},"end":{"line":451,"column":2}}]},"69":{"line":453,"type":"if","locations":[{"start":{"line":453,"column":4},"end":{"line":453,"column":4}},{"start":{"line":453,"column":4},"end":{"line":453,"column":4}}]},"70":{"line":468,"type":"binary-expr","locations":[{"start":{"line":468,"column":16},"end":{"line":468,"column":22}},{"start":{"line":468,"column":26},"end":{"line":468,"column":27}}]}},"code":["module.exports = LRUCache","","// This will be a proper iterable 'Map' in engines that support it,","// or a fakey-fake PseudoMap in older versions.","var Map = require('pseudomap')","var util = require('util')","","// A linked list to keep track of recently-used-ness","var Yallist = require('yallist')","","// use symbols if possible, otherwise just _props","var symbols = {}","var hasSymbol = typeof Symbol === 'function'","var makeSymbol","/* istanbul ignore if */","if (hasSymbol) {","  makeSymbol = function (key) {","    return Symbol.for(key)","  }","} else {","  makeSymbol = function (key) {","    return '_' + key","  }","}","","function priv (obj, key, val) {","  var sym","  if (symbols[key]) {","    sym = symbols[key]","  } else {","    sym = makeSymbol(key)","    symbols[key] = sym","  }","  if (arguments.length === 2) {","    return obj[sym]","  } else {","    obj[sym] = val","    return val","  }","}","","function naiveLength () { return 1 }","","// lruList is a yallist where the head is the youngest","// item, and the tail is the oldest.  the list contains the Hit","// objects as the entries.","// Each Hit object has a reference to its Yallist.Node.  This","// never changes.","//","// cache is a Map (or PseudoMap) that matches the keys to","// the Yallist.Node object.","function LRUCache (options) {","  if (!(this instanceof LRUCache)) {","    return new LRUCache(options)","  }","","  if (typeof options === 'number') {","    options = { max: options }","  }","","  if (!options) {","    options = {}","  }","","  var max = priv(this, 'max', options.max)","  // Kind of weird to have a default max of Infinity, but oh well.","  if (!max ||","      !(typeof max === 'number') ||","      max <= 0) {","    priv(this, 'max', Infinity)","  }","","  var lc = options.length || naiveLength","  if (typeof lc !== 'function') {","    lc = naiveLength","  }","  priv(this, 'lengthCalculator', lc)","","  priv(this, 'allowStale', options.stale || false)","  priv(this, 'maxAge', options.maxAge || 0)","  priv(this, 'dispose', options.dispose)","  this.reset()","}","","// resize the cache when the max changes.","Object.defineProperty(LRUCache.prototype, 'max', {","  set: function (mL) {","    if (!mL || !(typeof mL === 'number') || mL <= 0) {","      mL = Infinity","    }","    priv(this, 'max', mL)","    trim(this)","  },","  get: function () {","    return priv(this, 'max')","  },","  enumerable: true","})","","Object.defineProperty(LRUCache.prototype, 'allowStale', {","  set: function (allowStale) {","    priv(this, 'allowStale', !!allowStale)","  },","  get: function () {","    return priv(this, 'allowStale')","  },","  enumerable: true","})","","Object.defineProperty(LRUCache.prototype, 'maxAge', {","  set: function (mA) {","    if (!mA || !(typeof mA === 'number') || mA < 0) {","      mA = 0","    }","    priv(this, 'maxAge', mA)","    trim(this)","  },","  get: function () {","    return priv(this, 'maxAge')","  },","  enumerable: true","})","","// resize the cache when the lengthCalculator changes.","Object.defineProperty(LRUCache.prototype, 'lengthCalculator', {","  set: function (lC) {","    if (typeof lC !== 'function') {","      lC = naiveLength","    }","    if (lC !== priv(this, 'lengthCalculator')) {","      priv(this, 'lengthCalculator', lC)","      priv(this, 'length', 0)","      priv(this, 'lruList').forEach(function (hit) {","        hit.length = priv(this, 'lengthCalculator').call(this, hit.value, hit.key)","        priv(this, 'length', priv(this, 'length') + hit.length)","      }, this)","    }","    trim(this)","  },","  get: function () { return priv(this, 'lengthCalculator') },","  enumerable: true","})","","Object.defineProperty(LRUCache.prototype, 'length', {","  get: function () { return priv(this, 'length') },","  enumerable: true","})","","Object.defineProperty(LRUCache.prototype, 'itemCount', {","  get: function () { return priv(this, 'lruList').length },","  enumerable: true","})","","LRUCache.prototype.rforEach = function (fn, thisp) {","  thisp = thisp || this","  for (var walker = priv(this, 'lruList').tail; walker !== null;) {","    var prev = walker.prev","    forEachStep(this, fn, walker, thisp)","    walker = prev","  }","}","","function forEachStep (self, fn, node, thisp) {","  var hit = node.value","  if (isStale(self, hit)) {","    del(self, node)","    if (!priv(self, 'allowStale')) {","      hit = undefined","    }","  }","  if (hit) {","    fn.call(thisp, hit.value, hit.key, self)","  }","}","","LRUCache.prototype.forEach = function (fn, thisp) {","  thisp = thisp || this","  for (var walker = priv(this, 'lruList').head; walker !== null;) {","    var next = walker.next","    forEachStep(this, fn, walker, thisp)","    walker = next","  }","}","","LRUCache.prototype.keys = function () {","  return priv(this, 'lruList').toArray().map(function (k) {","    return k.key","  }, this)","}","","LRUCache.prototype.values = function () {","  return priv(this, 'lruList').toArray().map(function (k) {","    return k.value","  }, this)","}","","LRUCache.prototype.reset = function () {","  if (priv(this, 'dispose') &&","      priv(this, 'lruList') &&","      priv(this, 'lruList').length) {","    priv(this, 'lruList').forEach(function (hit) {","      priv(this, 'dispose').call(this, hit.key, hit.value)","    }, this)","  }","","  priv(this, 'cache', new Map()) // hash of items by key","  priv(this, 'lruList', new Yallist()) // list of items in order of use recency","  priv(this, 'length', 0) // length of items in the list","}","","LRUCache.prototype.dump = function () {","  return priv(this, 'lruList').map(function (hit) {","    if (!isStale(this, hit)) {","      return {","        k: hit.key,","        v: hit.value,","        e: hit.now + (hit.maxAge || 0)","      }","    }","  }, this).toArray().filter(function (h) {","    return h","  })","}","","LRUCache.prototype.dumpLru = function () {","  return priv(this, 'lruList')","}","","LRUCache.prototype.inspect = function (n, opts) {","  var str = 'LRUCache {'","  var extras = false","","  var as = priv(this, 'allowStale')","  if (as) {","    str += '\\n  allowStale: true'","    extras = true","  }","","  var max = priv(this, 'max')","  if (max && max !== Infinity) {","    if (extras) {","      str += ','","    }","    str += '\\n  max: ' + util.inspect(max, opts)","    extras = true","  }","","  var maxAge = priv(this, 'maxAge')","  if (maxAge) {","    if (extras) {","      str += ','","    }","    str += '\\n  maxAge: ' + util.inspect(maxAge, opts)","    extras = true","  }","","  var lc = priv(this, 'lengthCalculator')","  if (lc && lc !== naiveLength) {","    if (extras) {","      str += ','","    }","    str += '\\n  length: ' + util.inspect(priv(this, 'length'), opts)","    extras = true","  }","","  var didFirst = false","  priv(this, 'lruList').forEach(function (item) {","    if (didFirst) {","      str += ',\\n  '","    } else {","      if (extras) {","        str += ',\\n'","      }","      didFirst = true","      str += '\\n  '","    }","    var key = util.inspect(item.key).split('\\n').join('\\n  ')","    var val = { value: item.value }","    if (item.maxAge !== maxAge) {","      val.maxAge = item.maxAge","    }","    if (lc !== naiveLength) {","      val.length = item.length","    }","    if (isStale(this, item)) {","      val.stale = true","    }","","    val = util.inspect(val, opts).split('\\n').join('\\n  ')","    str += key + ' => ' + val","  })","","  if (didFirst || extras) {","    str += '\\n'","  }","  str += '}'","","  return str","}","","LRUCache.prototype.set = function (key, value, maxAge) {","  maxAge = maxAge || priv(this, 'maxAge')","","  var now = maxAge ? Date.now() : 0","  var len = priv(this, 'lengthCalculator').call(this, value, key)","","  if (priv(this, 'cache').has(key)) {","    if (len > priv(this, 'max')) {","      del(this, priv(this, 'cache').get(key))","      return false","    }","","    var node = priv(this, 'cache').get(key)","    var item = node.value","","    // dispose of the old one before overwriting","    if (priv(this, 'dispose')) {","      priv(this, 'dispose').call(this, key, item.value)","    }","","    item.now = now","    item.maxAge = maxAge","    item.value = value","    priv(this, 'length', priv(this, 'length') + (len - item.length))","    item.length = len","    this.get(key)","    trim(this)","    return true","  }","","  var hit = new Entry(key, value, len, now, maxAge)","","  // oversized objects fall out of cache automatically.","  if (hit.length > priv(this, 'max')) {","    if (priv(this, 'dispose')) {","      priv(this, 'dispose').call(this, key, value)","    }","    return false","  }","","  priv(this, 'length', priv(this, 'length') + hit.length)","  priv(this, 'lruList').unshift(hit)","  priv(this, 'cache').set(key, priv(this, 'lruList').head)","  trim(this)","  return true","}","","LRUCache.prototype.has = function (key) {","  if (!priv(this, 'cache').has(key)) return false","  var hit = priv(this, 'cache').get(key).value","  if (isStale(this, hit)) {","    return false","  }","  return true","}","","LRUCache.prototype.get = function (key) {","  return get(this, key, true)","}","","LRUCache.prototype.peek = function (key) {","  return get(this, key, false)","}","","LRUCache.prototype.pop = function () {","  var node = priv(this, 'lruList').tail","  if (!node) return null","  del(this, node)","  return node.value","}","","LRUCache.prototype.del = function (key) {","  del(this, priv(this, 'cache').get(key))","}","","LRUCache.prototype.load = function (arr) {","  // reset the cache","  this.reset()","","  var now = Date.now()","  // A previous serialized cache has the most recent items first","  for (var l = arr.length - 1; l >= 0; l--) {","    var hit = arr[l]","    var expiresAt = hit.e || 0","    if (expiresAt === 0) {","      // the item was created without expiration in a non aged cache","      this.set(hit.k, hit.v)","    } else {","      var maxAge = expiresAt - now","      // dont add already expired items","      if (maxAge > 0) {","        this.set(hit.k, hit.v, maxAge)","      }","    }","  }","}","","LRUCache.prototype.prune = function () {","  var self = this","  priv(this, 'cache').forEach(function (value, key) {","    get(self, key, false)","  })","}","","function get (self, key, doUse) {","  var node = priv(self, 'cache').get(key)","  if (node) {","    var hit = node.value","    if (isStale(self, hit)) {","      del(self, node)","      if (!priv(self, 'allowStale')) hit = undefined","    } else {","      if (doUse) {","        priv(self, 'lruList').unshiftNode(node)","      }","    }","    if (hit) hit = hit.value","  }","  return hit","}","","function isStale (self, hit) {","  if (!hit || (!hit.maxAge && !priv(self, 'maxAge'))) {","    return false","  }","  var stale = false","  var diff = Date.now() - hit.now","  if (hit.maxAge) {","    stale = diff > hit.maxAge","  } else {","    stale = priv(self, 'maxAge') && (diff > priv(self, 'maxAge'))","  }","  return stale","}","","function trim (self) {","  if (priv(self, 'length') > priv(self, 'max')) {","    for (var walker = priv(self, 'lruList').tail;","         priv(self, 'length') > priv(self, 'max') && walker !== null;) {","      // We know that we're about to delete this one, and also","      // what the next least recently used key will be, so just","      // go ahead and set it now.","      var prev = walker.prev","      del(self, walker)","      walker = prev","    }","  }","}","","function del (self, node) {","  if (node) {","    var hit = node.value","    if (priv(self, 'dispose')) {","      priv(self, 'dispose').call(this, hit.key, hit.value)","    }","    priv(self, 'length', priv(self, 'length') - hit.length)","    priv(self, 'cache').delete(hit.key)","    priv(self, 'lruList').removeNode(node)","  }","}","","// classy, since V8 prefers predictable objects.","function Entry (key, value, length, now, maxAge) {","  this.key = key","  this.value = value","  this.length = length","  this.now = now","  this.maxAge = maxAge || 0","}",""],"l":{"1":1,"5":1,"6":1,"9":1,"12":1,"13":1,"14":1,"16":1,"17":1,"18":1,"21":0,"22":0,"26":1,"27":0,"28":0,"29":0,"31":0,"32":0,"34":0,"35":0,"37":0,"38":0,"42":1,"52":1,"53":0,"54":0,"57":0,"58":0,"61":0,"62":0,"65":0,"67":0,"70":0,"73":0,"74":0,"75":0,"77":0,"79":0,"80":0,"81":0,"82":0,"86":1,"88":0,"89":0,"91":0,"92":0,"95":0,"100":1,"102":0,"105":0,"110":1,"112":0,"113":0,"115":0,"116":0,"119":0,"125":1,"127":0,"128":0,"130":0,"131":0,"132":0,"133":0,"134":0,"135":0,"138":0,"140":0,"144":1,"145":0,"149":1,"150":0,"154":1,"155":0,"156":0,"157":0,"158":0,"159":0,"163":1,"164":0,"165":0,"166":0,"167":0,"168":0,"171":0,"172":0,"176":1,"177":0,"178":0,"179":0,"180":0,"181":0,"185":1,"186":0,"187":0,"191":1,"192":0,"193":0,"197":1,"198":0,"201":0,"202":0,"206":0,"207":0,"208":0,"211":1,"212":0,"213":0,"214":0,"221":0,"225":1,"226":0,"229":1,"230":0,"231":0,"233":0,"234":0,"235":0,"236":0,"239":0,"240":0,"241":0,"242":0,"244":0,"245":0,"248":0,"249":0,"250":0,"251":0,"253":0,"254":0,"257":0,"258":0,"259":0,"260":0,"262":0,"263":0,"266":0,"267":0,"268":0,"269":0,"271":0,"272":0,"274":0,"275":0,"277":0,"278":0,"279":0,"280":0,"282":0,"283":0,"285":0,"286":0,"289":0,"290":0,"293":0,"294":0,"296":0,"298":0,"301":1,"302":0,"304":0,"305":0,"307":0,"308":0,"309":0,"310":0,"313":0,"314":0,"317":0,"318":0,"321":0,"322":0,"323":0,"324":0,"325":0,"326":0,"327":0,"328":0,"331":0,"334":0,"335":0,"336":0,"338":0,"341":0,"342":0,"343":0,"344":0,"345":0,"348":1,"349":0,"350":0,"351":0,"352":0,"354":0,"357":1,"358":0,"361":1,"362":0,"365":1,"366":0,"367":0,"368":0,"369":0,"372":1,"373":0,"376":1,"378":0,"380":0,"382":0,"383":0,"384":0,"385":0,"387":0,"389":0,"391":0,"392":0,"398":1,"399":0,"400":0,"401":0,"405":1,"406":0,"407":0,"408":0,"409":0,"410":0,"411":0,"413":0,"414":0,"417":0,"419":0,"422":1,"423":0,"424":0,"426":0,"427":0,"428":0,"429":0,"431":0,"433":0,"436":1,"437":0,"438":0,"443":0,"444":0,"445":0,"450":1,"451":0,"452":0,"453":0,"454":0,"456":0,"457":0,"458":0,"463":1,"464":0,"465":0,"466":0,"467":0,"468":0}}}